23:52:13 risk-poly     INFO                     
23:52:13 risk-poly     INFO ========================================
23:52:13 risk-poly     INFO ==> 开始扫描订单
23:52:23 risk-poly     INFO                     
23:52:23 risk-poly     INFO ========================================
23:52:23 risk-poly     INFO ==> 开始扫描订单
23:52:33 risk-poly     INFO                     
23:52:33 risk-poly     INFO ========================================
23:52:33 risk-poly     INFO ==> 开始扫描订单
23:52:43 risk-poly     INFO                     
23:52:43 risk-poly     INFO ========================================
23:52:43 risk-poly     INFO ==> 开始扫描订单
23:52:53 risk-poly     INFO                     
23:52:53 risk-poly     INFO ========================================
23:52:53 risk-poly     INFO ==> 开始扫描订单
23:53:03 risk-poly     INFO                     
23:53:03 risk-poly     INFO ========================================
23:53:03 risk-poly     INFO ==> 开始扫描订单
23:53:13 risk-poly     INFO                     
23:53:13 risk-poly     INFO ========================================
23:53:13 risk-poly     INFO ==> 开始扫描订单
23:53:23 risk-poly     INFO                     
23:53:23 risk-poly     INFO ========================================
23:53:23 risk-poly     INFO ==> 开始扫描订单
23:53:33 risk-poly     INFO                     
23:53:33 risk-poly     INFO ========================================
23:53:33 risk-poly     INFO ==> 开始扫描订单
23:53:43 risk-poly     INFO                     
23:53:43 risk-poly     INFO ========================================
23:53:43 risk-poly     INFO ==> 开始扫描订单
23:53:53 risk-poly     INFO                     
23:53:53 risk-poly     INFO ========================================
23:53:53 risk-poly     INFO ==> 开始扫描订单
23:54:03 risk-poly     INFO                     
23:54:03 risk-poly     INFO ========================================
23:54:03 risk-poly     INFO ==> 开始扫描订单
23:54:13 risk-poly     INFO                     
23:54:13 risk-poly     INFO ========================================
23:54:13 risk-poly     INFO ==> 开始扫描订单
23:54:23 risk-poly     INFO                     
23:54:23 risk-poly     INFO ========================================
23:54:23 risk-poly     INFO ==> 开始扫描订单
23:54:33 risk-poly     INFO                     
23:54:33 risk-poly     INFO ========================================
23:54:33 risk-poly     INFO ==> 开始扫描订单
23:54:43 risk-poly     INFO                     
23:54:43 risk-poly     INFO ========================================
23:54:43 risk-poly     INFO ==> 开始扫描订单
23:54:53 risk-poly     INFO                     
23:54:53 risk-poly     INFO ========================================
23:54:53 risk-poly     INFO ==> 开始扫描订单
23:55:03 risk-poly     INFO                     
23:55:03 risk-poly     INFO ========================================
23:55:03 risk-poly     INFO ==> 开始扫描订单
23:55:13 risk-poly     INFO                     
23:55:13 risk-poly     INFO ========================================
23:55:13 risk-poly     INFO ==> 开始扫描订单
23:55:23 risk-poly     INFO                     
23:55:23 risk-poly     INFO ========================================
23:55:23 risk-poly     INFO ==> 开始扫描订单
23:55:33 risk-poly     INFO                     
23:55:33 risk-poly     INFO ========================================
23:55:33 risk-poly     INFO ==> 开始扫描订单
23:55:43 risk-poly     INFO                     
23:55:43 risk-poly     INFO ========================================
23:55:43 risk-poly     INFO ==> 开始扫描订单
23:55:53 risk-poly     INFO                     
23:55:53 risk-poly     INFO ========================================
23:55:53 risk-poly     INFO ==> 开始扫描订单
23:56:03 risk-poly     INFO                     
23:56:03 risk-poly     INFO ========================================
23:56:03 risk-poly     INFO ==> 开始扫描订单
23:56:13 risk-poly     INFO                     
23:56:13 risk-poly     INFO ========================================
23:56:13 risk-poly     INFO ==> 开始扫描订单
23:56:23 risk-poly     INFO                     
23:56:23 risk-poly     INFO ========================================
23:56:23 risk-poly     INFO ==> 开始扫描订单
23:56:33 risk-poly     INFO                     
23:56:33 risk-poly     INFO ========================================
23:56:33 risk-poly     INFO ==> 开始扫描订单
23:56:43 risk-poly     INFO                     
23:56:43 risk-poly     INFO ========================================
23:56:43 risk-poly     INFO ==> 开始扫描订单
23:56:53 risk-poly     INFO                     
23:56:53 risk-poly     INFO ========================================
23:56:53 risk-poly     INFO ==> 开始扫描订单
23:57:03 risk-poly     INFO                     
23:57:03 risk-poly     INFO ========================================
23:57:03 risk-poly     INFO ==> 开始扫描订单
23:57:13 risk-poly     INFO                     
23:57:13 risk-poly     INFO ========================================
23:57:13 risk-poly     INFO ==> 开始扫描订单
23:57:23 risk-poly     INFO                     
23:57:23 risk-poly     INFO ========================================
23:57:23 risk-poly     INFO ==> 开始扫描订单
23:57:33 risk-poly     INFO                     
23:57:33 risk-poly     INFO ========================================
23:57:33 risk-poly     INFO ==> 开始扫描订单
23:57:43 risk-poly     INFO                     
23:57:43 risk-poly     INFO ========================================
23:57:43 risk-poly     INFO ==> 开始扫描订单
23:57:53 risk-poly     INFO                     
23:57:53 risk-poly     INFO ========================================
23:57:53 risk-poly     INFO ==> 开始扫描订单
23:58:03 risk-poly     INFO                     
23:58:03 risk-poly     INFO ========================================
23:58:03 risk-poly     INFO ==> 开始扫描订单
23:58:13 risk-poly     INFO                     
23:58:13 risk-poly     INFO ========================================
23:58:13 risk-poly     INFO ==> 开始扫描订单
23:58:14 risk-poly     INFO ==> 记录数据:btc-updown-15m-1768578300
23:58:14 risk-poly     INFO ==> 开始处理订单:【0.35/0.97/0.97】, outcome:Up, side:BUY, size:5 【btc-updown-15m-1768578300 】
23:58:14 risk-poly     INFO ==> 订单状态正常
23:58:23 risk-poly     INFO                     
23:58:23 risk-poly     INFO ========================================
23:58:23 risk-poly     INFO ==> 开始扫描订单
23:58:24 risk-poly     INFO ==> 记录数据:btc-updown-15m-1768578300
23:58:24 risk-poly     INFO ==> 开始处理订单:【0.35/0.98/0.97】, outcome:Up, side:BUY, size:5 【btc-updown-15m-1768578300 】
23:58:24 risk-poly     INFO ==> 订单状态正常
23:58:33 risk-poly     INFO                     
23:58:33 risk-poly     INFO ========================================
23:58:33 risk-poly     INFO ==> 开始扫描订单
23:58:34 risk-poly     INFO ==> 记录数据:btc-updown-15m-1768578300
23:58:34 risk-poly     INFO ==> 开始处理订单:【0.35/0.96/0.97】, outcome:Up, side:BUY, size:5 【btc-updown-15m-1768578300 】
23:58:34 risk-poly     INFO ==> 订单状态正常
23:58:43 risk-poly     INFO                     
23:58:43 risk-poly     INFO ========================================
23:58:43 risk-poly     INFO ==> 开始扫描订单
23:58:44 risk-poly     INFO ==> 记录数据:btc-updown-15m-1768578300
23:58:44 risk-poly     INFO ==> 开始处理订单:【0.35/0.97/0.97】, outcome:Up, side:BUY, size:5 【btc-updown-15m-1768578300 】
23:58:44 risk-poly     INFO ==> 订单状态正常
23:58:53 risk-poly     INFO                     
23:58:53 risk-poly     INFO ========================================
23:58:53 risk-poly     INFO ==> 开始扫描订单
23:58:54 risk-poly     INFO ==> 记录数据:btc-updown-15m-1768578300
23:58:54 risk-poly     INFO ==> 开始处理订单:【0.35/0.98/0.97】, outcome:Up, side:BUY, size:5 【btc-updown-15m-1768578300 】
23:58:54 risk-poly     INFO ==> 订单状态正常
23:59:03 risk-poly     INFO                     
23:59:03 risk-poly     INFO ========================================
23:59:03 risk-poly     INFO ==> 开始扫描订单
23:59:04 risk-poly     INFO ==> 记录数据:btc-updown-15m-1768578300
23:59:04 risk-poly     INFO ==> 开始处理订单:【0.35/0.99/0.97】, outcome:Up, side:BUY, size:5 【btc-updown-15m-1768578300 】
23:59:04 risk-poly     INFO ==> 订单状态正常
23:59:13 risk-poly     INFO                     
23:59:13 risk-poly     INFO ========================================
23:59:13 risk-poly     INFO ==> 开始扫描订单
23:59:14 risk-poly     INFO ==> 记录数据:btc-updown-15m-1768578300
23:59:14 risk-poly     INFO ==> 开始处理订单:【0.35/0.99/0.97】, outcome:Up, side:BUY, size:5 【btc-updown-15m-1768578300 】
23:59:14 risk-poly     INFO ==> 订单状态正常
23:59:23 risk-poly     INFO                     
23:59:23 risk-poly     INFO ========================================
23:59:23 risk-poly     INFO ==> 开始扫描订单
23:59:24 risk-poly     INFO ==> 记录数据:xrp-updown-15m-1768578300
23:59:24 risk-poly     INFO ==> 开始处理订单:【0.35/0.99/0.98】, outcome:Down, side:BUY, size:5 【xrp-updown-15m-1768578300 】
23:59:24 risk-poly     INFO ==> 订单状态正常
23:59:24 risk-poly     INFO ==> 记录数据:btc-updown-15m-1768578300
23:59:24 risk-poly     INFO ==> 开始处理订单:【0.35/0.99/0.97】, outcome:Up, side:BUY, size:5 【btc-updown-15m-1768578300 】
23:59:24 risk-poly     INFO ==> 订单状态正常
23:59:33 risk-poly     INFO                     
23:59:33 risk-poly     INFO ========================================
23:59:33 risk-poly     INFO ==> 开始扫描订单
23:59:34 risk-poly     INFO ==> 记录数据:eth-updown-15m-1768578300
23:59:34 risk-poly     INFO ==> 开始处理订单:【0.35/0.99/0.98】, outcome:Down, side:BUY, size:5 【eth-updown-15m-1768578300 】
23:59:34 risk-poly     INFO ==> 订单状态正常
23:59:34 risk-poly     INFO ==> 记录数据:xrp-updown-15m-1768578300
23:59:34 risk-poly     INFO ==> 开始处理订单:【0.35/0.99/0.98】, outcome:Down, side:BUY, size:5 【xrp-updown-15m-1768578300 】
23:59:34 risk-poly     INFO ==> 订单状态正常
23:59:35 risk-poly     INFO ==> 记录数据:btc-updown-15m-1768578300
23:59:35 risk-poly     INFO ==> 开始处理订单:【0.35/0.99/0.97】, outcome:Up, side:BUY, size:5 【btc-updown-15m-1768578300 】
23:59:35 risk-poly     INFO ==> 订单状态正常
23:59:43 risk-poly     INFO                     
23:59:43 risk-poly     INFO ========================================
23:59:43 risk-poly     INFO ==> 开始扫描订单
23:59:44 risk-poly     INFO ==> 记录数据:eth-updown-15m-1768578300
23:59:44 risk-poly     INFO ==> 开始处理订单:【0.35/0.99/0.98】, outcome:Down, side:BUY, size:5 【eth-updown-15m-1768578300 】
23:59:44 risk-poly     INFO ==> 订单状态正常
23:59:44 risk-poly     INFO ==> 记录数据:xrp-updown-15m-1768578300
23:59:44 risk-poly     INFO ==> 开始处理订单:【0.35/0.99/0.98】, outcome:Down, side:BUY, size:5 【xrp-updown-15m-1768578300 】
23:59:44 risk-poly     INFO ==> 订单状态正常
23:59:45 risk-poly     INFO ==> 记录数据:btc-updown-15m-1768578300
23:59:45 risk-poly     INFO ==> 开始处理订单:【0.35/1.0/0.97】, outcome:Up, side:BUY, size:5 【btc-updown-15m-1768578300 】
23:59:45 risk-poly     INFO ==> 订单状态正常
23:59:53 risk-poly     INFO                     
23:59:53 risk-poly     INFO ========================================
23:59:53 risk-poly     INFO ==> 开始扫描订单
23:59:54 risk-poly     INFO ==> 记录数据:eth-updown-15m-1768578300
23:59:54 risk-poly     INFO ==> 开始处理订单:【0.35/1.0/0.98】, outcome:Down, side:BUY, size:5 【eth-updown-15m-1768578300 】
23:59:54 risk-poly     INFO ==> 订单状态正常
23:59:54 risk-poly     INFO ==> 记录数据:xrp-updown-15m-1768578300
23:59:54 risk-poly     INFO ==> 开始处理订单:【0.35/1.0/0.98】, outcome:Down, side:BUY, size:5 【xrp-updown-15m-1768578300 】
23:59:54 risk-poly     INFO ==> 订单状态正常
23:59:55 risk-poly     INFO ==> 记录数据:btc-updown-15m-1768578300
23:59:55 risk-poly     INFO ==> 开始处理订单:【0.35/1.0/0.97】, outcome:Up, side:BUY, size:5 【btc-updown-15m-1768578300 】
23:59:55 risk-poly     INFO ==> 订单状态正常
00:00:03 risk-poly     INFO                     
00:00:03 risk-poly     INFO ========================================
00:00:03 risk-poly     INFO ==> 开始扫描订单
00:00:04 risk-poly     INFO ==> 记录数据:eth-updown-15m-1768578300
00:00:04 risk-poly     INFO ==> 开始处理订单:【0.35/1.0/0.98】, outcome:Down, side:BUY, size:5 【eth-updown-15m-1768578300 】
00:00:04 risk-poly     INFO ==> 订单状态正常
00:00:04 risk-poly     INFO ==> 记录数据:xrp-updown-15m-1768578300
00:00:04 risk-poly     INFO ==> 开始处理订单:【0.35/1.0/0.98】, outcome:Down, side:BUY, size:5 【xrp-updown-15m-1768578300 】
00:00:04 risk-poly     INFO ==> 订单状态正常
00:00:05 risk-poly     INFO ==> 记录数据:btc-updown-15m-1768578300
00:00:05 risk-poly     INFO ==> 开始处理订单:【0.35/1.0/0.97】, outcome:Up, side:BUY, size:5 【btc-updown-15m-1768578300 】
00:00:05 risk-poly     INFO ==> 订单状态正常
00:00:13 risk-poly     INFO                     
00:00:13 risk-poly     INFO ========================================
00:00:13 risk-poly     INFO ==> 开始扫描订单
00:00:14 risk-poly     INFO ==> 记录数据:eth-updown-15m-1768578300
00:00:14 risk-poly     INFO ==> 开始处理订单:【0.35/1.0/0.98】, outcome:Down, side:BUY, size:5 【eth-updown-15m-1768578300 】
00:00:14 risk-poly     INFO ==> 订单状态正常
00:00:14 risk-poly     INFO ==> 记录数据:xrp-updown-15m-1768578300
00:00:14 risk-poly     INFO ==> 开始处理订单:【0.35/1.0/0.98】, outcome:Down, side:BUY, size:5 【xrp-updown-15m-1768578300 】
00:00:14 risk-poly     INFO ==> 订单状态正常
00:00:15 risk-poly     INFO ==> 记录数据:btc-updown-15m-1768578300
00:00:15 risk-poly     INFO ==> 开始处理订单:【0.35/1.0/0.97】, outcome:Up, side:BUY, size:5 【btc-updown-15m-1768578300 】
00:00:15 risk-poly     INFO ==> 订单状态正常
00:00:23 risk-poly     INFO                     
00:00:23 risk-poly     INFO ========================================
00:00:23 risk-poly     INFO ==> 开始扫描订单
00:00:24 risk-poly     INFO ==> 记录数据:eth-updown-15m-1768578300
00:00:24 risk-poly     INFO ==> 开始处理订单:【0.35/1.0/0.98】, outcome:Down, side:BUY, size:5 【eth-updown-15m-1768578300 】
00:00:24 risk-poly     INFO ==> 订单状态正常
00:00:24 risk-poly     INFO ==> 记录数据:xrp-updown-15m-1768578300
00:00:24 risk-poly     INFO ==> 开始处理订单:【0.35/1.0/0.98】, outcome:Down, side:BUY, size:5 【xrp-updown-15m-1768578300 】
00:00:24 risk-poly     INFO ==> 订单状态正常
00:00:25 risk-poly     INFO ==> 记录数据:btc-updown-15m-1768578300
00:00:25 risk-poly     INFO ==> 开始处理订单:【0.35/1.0/0.97】, outcome:Up, side:BUY, size:5 【btc-updown-15m-1768578300 】
00:00:25 risk-poly     INFO ==> 订单状态正常
00:00:33 risk-poly     INFO                     
00:00:33 risk-poly     INFO ========================================
00:00:33 risk-poly     INFO ==> 开始扫描订单
00:00:34 risk-poly     INFO ==> 记录数据:eth-updown-15m-1768578300
00:00:34 risk-poly     INFO ==> 开始处理订单:【0.35/1.0/0.98】, outcome:Down, side:BUY, size:5 【eth-updown-15m-1768578300 】
00:00:34 risk-poly     INFO ==> 订单状态正常
00:00:35 risk-poly     INFO ==> 记录数据:xrp-updown-15m-1768578300
00:00:35 risk-poly     INFO ==> 开始处理订单:【0.35/1.0/0.98】, outcome:Down, side:BUY, size:5 【xrp-updown-15m-1768578300 】
00:00:35 risk-poly     INFO ==> 订单状态正常
00:00:35 risk-poly     INFO ==> 记录数据:btc-updown-15m-1768578300
00:00:35 risk-poly     INFO ==> 开始处理订单:【0.35/1.0/0.97】, outcome:Up, side:BUY, size:5 【btc-updown-15m-1768578300 】
00:00:35 risk-poly     INFO ==> 订单状态正常
00:00:43 risk-poly     INFO                     
00:00:43 risk-poly     INFO ========================================
00:00:43 risk-poly     INFO ==> 开始扫描订单
00:00:44 risk-poly     INFO ==> 记录数据:eth-updown-15m-1768578300
00:00:44 risk-poly     INFO ==> 开始处理订单:【0.35/1.0/0.98】, outcome:Down, side:BUY, size:5 【eth-updown-15m-1768578300 】
00:00:44 risk-poly     INFO ==> 订单状态正常
00:00:45 risk-poly     INFO ==> 记录数据:xrp-updown-15m-1768578300
00:00:45 risk-poly     INFO ==> 开始处理订单:【0.35/1.0/0.98】, outcome:Down, side:BUY, size:5 【xrp-updown-15m-1768578300 】
00:00:45 risk-poly     INFO ==> 订单状态正常
00:00:45 risk-poly     INFO ==> 记录数据:btc-updown-15m-1768578300
00:00:45 risk-poly     INFO ==> 开始处理订单:【0.35/1.0/0.97】, outcome:Up, side:BUY, size:5 【btc-updown-15m-1768578300 】
00:00:45 risk-poly     INFO ==> 订单状态正常
00:00:53 risk-poly     INFO                     
00:00:53 risk-poly     INFO ========================================
00:00:53 risk-poly     INFO ==> 开始扫描订单
00:00:54 risk-poly     INFO ==> 记录数据:eth-updown-15m-1768578300
00:00:54 risk-poly     INFO ==> 开始处理订单:【0.35/1.0/0.98】, outcome:Down, side:BUY, size:5 【eth-updown-15m-1768578300 】
00:00:54 risk-poly     INFO ==> 订单状态正常
00:00:54 risk-poly     INFO ==> 记录数据:xrp-updown-15m-1768578300
00:00:54 risk-poly     INFO ==> 开始处理订单:【0.35/1.0/0.98】, outcome:Down, side:BUY, size:5 【xrp-updown-15m-1768578300 】
00:00:54 risk-poly     INFO ==> 订单状态正常
00:00:55 risk-poly     INFO ==> 记录数据:btc-updown-15m-1768578300
00:00:55 risk-poly     INFO ==> 开始处理订单:【0.35/1.0/0.97】, outcome:Up, side:BUY, size:5 【btc-updown-15m-1768578300 】
00:00:55 risk-poly     INFO ==> 订单状态正常
