2026-01-16 23:46:59 - risk-poly - INFO - risk_poly.py:86 -                     
2026-01-16 23:46:59 - risk-poly - INFO - risk_poly.py:87 - ========================================
2026-01-16 23:46:59 - risk-poly - INFO - risk_poly.py:88 - ==> 开始扫描订单
2026-01-16 23:47:00 - risk-poly - WARNING - risk_poly.py:144 - ==> 价格过低，放弃处理
2026-01-16 23:47:00 - risk-poly - WARNING - risk_poly.py:144 - ==> 价格过低，放弃处理
2026-01-16 23:47:15 - risk-poly - INFO - risk_poly.py:86 -                     
2026-01-16 23:47:15 - risk-poly - INFO - risk_poly.py:87 - ========================================
2026-01-16 23:47:15 - risk-poly - INFO - risk_poly.py:88 - ==> 开始扫描订单
2026-01-16 23:47:15 - risk-poly - WARNING - risk_poly.py:144 - ==> 价格过低，放弃处理
2026-01-16 23:47:16 - risk-poly - WARNING - risk_poly.py:144 - ==> 价格过低，放弃处理
2026-01-16 23:47:25 - risk-poly - INFO - risk_poly.py:86 -                     
2026-01-16 23:47:25 - risk-poly - INFO - risk_poly.py:87 - ========================================
2026-01-16 23:47:25 - risk-poly - INFO - risk_poly.py:88 - ==> 开始扫描订单
2026-01-16 23:47:25 - risk-poly - WARNING - risk_poly.py:144 - ==> 价格过低，放弃处理
2026-01-16 23:47:26 - risk-poly - WARNING - risk_poly.py:144 - ==> 价格过低，放弃处理
2026-01-16 23:47:50 - risk-poly - INFO - risk_poly.py:86 -                     
2026-01-16 23:47:50 - risk-poly - INFO - risk_poly.py:87 - ========================================
2026-01-16 23:47:50 - risk-poly - INFO - risk_poly.py:88 - ==> 开始扫描订单
2026-01-16 23:47:51 - risk-poly - WARNING - risk_poly.py:144 - ==> 价格过低，放弃处理
2026-01-16 23:47:51 - risk-poly - WARNING - risk_poly.py:144 - ==> 价格过低，放弃处理
2026-01-16 23:48:00 - risk-poly - INFO - risk_poly.py:86 -                     
2026-01-16 23:48:00 - risk-poly - INFO - risk_poly.py:87 - ========================================
2026-01-16 23:48:00 - risk-poly - INFO - risk_poly.py:88 - ==> 开始扫描订单
2026-01-16 23:48:01 - risk-poly - WARNING - risk_poly.py:144 - ==> 价格过低，放弃处理
2026-01-16 23:48:01 - risk-poly - WARNING - risk_poly.py:144 - ==> 价格过低，放弃处理
2026-01-16 23:48:10 - risk-poly - INFO - risk_poly.py:86 -                     
2026-01-16 23:48:10 - risk-poly - INFO - risk_poly.py:87 - ========================================
2026-01-16 23:48:10 - risk-poly - INFO - risk_poly.py:88 - ==> 开始扫描订单
2026-01-16 23:48:11 - risk-poly - WARNING - risk_poly.py:144 - ==> 价格过低，放弃处理
2026-01-16 23:48:11 - risk-poly - WARNING - risk_poly.py:144 - ==> 价格过低，放弃处理
2026-01-16 23:48:20 - risk-poly - INFO - risk_poly.py:86 -                     
2026-01-16 23:48:20 - risk-poly - INFO - risk_poly.py:87 - ========================================
2026-01-16 23:48:20 - risk-poly - INFO - risk_poly.py:88 - ==> 开始扫描订单
2026-01-16 23:48:21 - risk-poly - WARNING - risk_poly.py:144 - ==> 价格过低，放弃处理
2026-01-16 23:48:21 - risk-poly - WARNING - risk_poly.py:144 - ==> 价格过低，放弃处理
2026-01-16 23:48:30 - risk-poly - INFO - risk_poly.py:86 -                     
2026-01-16 23:48:30 - risk-poly - INFO - risk_poly.py:87 - ========================================
2026-01-16 23:48:30 - risk-poly - INFO - risk_poly.py:88 - ==> 开始扫描订单
2026-01-16 23:48:31 - risk-poly - WARNING - risk_poly.py:144 - ==> 价格过低，放弃处理
2026-01-16 23:48:31 - risk-poly - WARNING - risk_poly.py:144 - ==> 价格过低，放弃处理
2026-01-16 23:48:40 - risk-poly - INFO - risk_poly.py:86 -                     
2026-01-16 23:48:40 - risk-poly - INFO - risk_poly.py:87 - ========================================
2026-01-16 23:48:40 - risk-poly - INFO - risk_poly.py:88 - ==> 开始扫描订单
2026-01-16 23:48:41 - risk-poly - WARNING - risk_poly.py:144 - ==> 价格过低，放弃处理
2026-01-16 23:48:41 - risk-poly - WARNING - risk_poly.py:144 - ==> 价格过低，放弃处理
2026-01-16 23:48:50 - risk-poly - INFO - risk_poly.py:86 -                     
2026-01-16 23:48:50 - risk-poly - INFO - risk_poly.py:87 - ========================================
2026-01-16 23:48:50 - risk-poly - INFO - risk_poly.py:88 - ==> 开始扫描订单
2026-01-16 23:48:51 - risk-poly - WARNING - risk_poly.py:144 - ==> 价格过低，放弃处理
2026-01-16 23:48:51 - risk-poly - WARNING - risk_poly.py:144 - ==> 价格过低，放弃处理
2026-01-16 23:49:00 - risk-poly - INFO - risk_poly.py:86 -                     
2026-01-16 23:49:00 - risk-poly - INFO - risk_poly.py:87 - ========================================
2026-01-16 23:49:00 - risk-poly - INFO - risk_poly.py:88 - ==> 开始扫描订单
2026-01-16 23:49:01 - risk-poly - WARNING - risk_poly.py:144 - ==> 价格过低，放弃处理
2026-01-16 23:49:10 - risk-poly - INFO - risk_poly.py:86 -                     
2026-01-16 23:49:10 - risk-poly - INFO - risk_poly.py:87 - ========================================
2026-01-16 23:49:10 - risk-poly - INFO - risk_poly.py:88 - ==> 开始扫描订单
2026-01-16 23:49:11 - risk-poly - WARNING - risk_poly.py:144 - ==> 价格过低，放弃处理
2026-01-16 23:49:11 - risk-poly - WARNING - risk_poly.py:144 - ==> 价格过低，放弃处理
2026-01-16 23:49:20 - risk-poly - INFO - risk_poly.py:86 -                     
2026-01-16 23:49:20 - risk-poly - INFO - risk_poly.py:87 - ========================================
2026-01-16 23:49:20 - risk-poly - INFO - risk_poly.py:88 - ==> 开始扫描订单
2026-01-16 23:49:30 - risk-poly - INFO - risk_poly.py:86 -                     
2026-01-16 23:49:30 - risk-poly - INFO - risk_poly.py:87 - ========================================
2026-01-16 23:49:30 - risk-poly - INFO - risk_poly.py:88 - ==> 开始扫描订单
2026-01-16 23:49:31 - risk-poly - WARNING - risk_poly.py:144 - ==> 价格过低，放弃处理
2026-01-16 23:49:40 - risk-poly - INFO - risk_poly.py:86 -                     
2026-01-16 23:49:40 - risk-poly - INFO - risk_poly.py:87 - ========================================
2026-01-16 23:49:40 - risk-poly - INFO - risk_poly.py:88 - ==> 开始扫描订单
2026-01-16 23:49:41 - risk-poly - WARNING - risk_poly.py:144 - ==> 价格过低，放弃处理
2026-01-16 23:49:50 - risk-poly - INFO - risk_poly.py:86 -                     
2026-01-16 23:49:50 - risk-poly - INFO - risk_poly.py:87 - ========================================
2026-01-16 23:49:50 - risk-poly - INFO - risk_poly.py:88 - ==> 开始扫描订单
2026-01-16 23:50:00 - risk-poly - INFO - risk_poly.py:86 -                     
2026-01-16 23:50:00 - risk-poly - INFO - risk_poly.py:87 - ========================================
2026-01-16 23:50:00 - risk-poly - INFO - risk_poly.py:88 - ==> 开始扫描订单
2026-01-16 23:50:01 - risk-poly - WARNING - risk_poly.py:144 - ==> 价格过低，放弃处理
2026-01-16 23:50:10 - risk-poly - INFO - risk_poly.py:86 -                     
2026-01-16 23:50:10 - risk-poly - INFO - risk_poly.py:87 - ========================================
2026-01-16 23:50:10 - risk-poly - INFO - risk_poly.py:88 - ==> 开始扫描订单
2026-01-16 23:50:11 - risk-poly - WARNING - risk_poly.py:144 - ==> 价格过低，放弃处理
2026-01-16 23:50:20 - risk-poly - INFO - risk_poly.py:86 -                     
2026-01-16 23:50:20 - risk-poly - INFO - risk_poly.py:87 - ========================================
2026-01-16 23:50:20 - risk-poly - INFO - risk_poly.py:88 - ==> 开始扫描订单
2026-01-16 23:50:30 - risk-poly - INFO - risk_poly.py:86 -                     
2026-01-16 23:50:30 - risk-poly - INFO - risk_poly.py:87 - ========================================
2026-01-16 23:50:30 - risk-poly - INFO - risk_poly.py:88 - ==> 开始扫描订单
2026-01-16 23:50:40 - risk-poly - INFO - risk_poly.py:86 -                     
2026-01-16 23:50:40 - risk-poly - INFO - risk_poly.py:87 - ========================================
2026-01-16 23:50:40 - risk-poly - INFO - risk_poly.py:88 - ==> 开始扫描订单
2026-01-16 23:50:50 - risk-poly - INFO - risk_poly.py:86 -                     
2026-01-16 23:50:50 - risk-poly - INFO - risk_poly.py:87 - ========================================
2026-01-16 23:50:50 - risk-poly - INFO - risk_poly.py:88 - ==> 开始扫描订单
2026-01-16 23:51:00 - risk-poly - INFO - risk_poly.py:86 -                     
2026-01-16 23:51:00 - risk-poly - INFO - risk_poly.py:87 - ========================================
2026-01-16 23:51:00 - risk-poly - INFO - risk_poly.py:88 - ==> 开始扫描订单
2026-01-16 23:51:10 - risk-poly - INFO - risk_poly.py:86 -                     
2026-01-16 23:51:10 - risk-poly - INFO - risk_poly.py:87 - ========================================
2026-01-16 23:51:10 - risk-poly - INFO - risk_poly.py:88 - ==> 开始扫描订单
2026-01-16 23:51:20 - risk-poly - INFO - risk_poly.py:86 -                     
2026-01-16 23:51:20 - risk-poly - INFO - risk_poly.py:87 - ========================================
2026-01-16 23:51:20 - risk-poly - INFO - risk_poly.py:88 - ==> 开始扫描订单
2026-01-16 23:51:30 - risk-poly - INFO - risk_poly.py:86 -                     
2026-01-16 23:51:30 - risk-poly - INFO - risk_poly.py:87 - ========================================
2026-01-16 23:51:30 - risk-poly - INFO - risk_poly.py:88 - ==> 开始扫描订单
2026-01-16 23:51:40 - risk-poly - INFO - risk_poly.py:86 -                     
2026-01-16 23:51:40 - risk-poly - INFO - risk_poly.py:87 - ========================================
2026-01-16 23:51:40 - risk-poly - INFO - risk_poly.py:88 - ==> 开始扫描订单
2026-01-16 23:51:50 - risk-poly - INFO - risk_poly.py:86 -                     
2026-01-16 23:51:50 - risk-poly - INFO - risk_poly.py:87 - ========================================
2026-01-16 23:51:50 - risk-poly - INFO - risk_poly.py:88 - ==> 开始扫描订单
2026-01-16 23:52:00 - risk-poly - INFO - risk_poly.py:86 -                     
2026-01-16 23:52:00 - risk-poly - INFO - risk_poly.py:87 - ========================================
2026-01-16 23:52:00 - risk-poly - INFO - risk_poly.py:88 - ==> 开始扫描订单
2026-01-16 23:52:13 - risk-poly - INFO - risk_poly.py:86 -                     
2026-01-16 23:52:13 - risk-poly - INFO - risk_poly.py:87 - ========================================
2026-01-16 23:52:13 - risk-poly - INFO - risk_poly.py:88 - ==> 开始扫描订单
2026-01-16 23:52:23 - risk-poly - INFO - risk_poly.py:86 -                     
2026-01-16 23:52:23 - risk-poly - INFO - risk_poly.py:87 - ========================================
2026-01-16 23:52:23 - risk-poly - INFO - risk_poly.py:88 - ==> 开始扫描订单
2026-01-16 23:52:33 - risk-poly - INFO - risk_poly.py:86 -                     
2026-01-16 23:52:33 - risk-poly - INFO - risk_poly.py:87 - ========================================
2026-01-16 23:52:33 - risk-poly - INFO - risk_poly.py:88 - ==> 开始扫描订单
2026-01-16 23:52:43 - risk-poly - INFO - risk_poly.py:86 -                     
2026-01-16 23:52:43 - risk-poly - INFO - risk_poly.py:87 - ========================================
2026-01-16 23:52:43 - risk-poly - INFO - risk_poly.py:88 - ==> 开始扫描订单
2026-01-16 23:52:53 - risk-poly - INFO - risk_poly.py:86 -                     
2026-01-16 23:52:53 - risk-poly - INFO - risk_poly.py:87 - ========================================
2026-01-16 23:52:53 - risk-poly - INFO - risk_poly.py:88 - ==> 开始扫描订单
2026-01-16 23:53:03 - risk-poly - INFO - risk_poly.py:86 -                     
2026-01-16 23:53:03 - risk-poly - INFO - risk_poly.py:87 - ========================================
2026-01-16 23:53:03 - risk-poly - INFO - risk_poly.py:88 - ==> 开始扫描订单
2026-01-16 23:53:13 - risk-poly - INFO - risk_poly.py:86 -                     
2026-01-16 23:53:13 - risk-poly - INFO - risk_poly.py:87 - ========================================
2026-01-16 23:53:13 - risk-poly - INFO - risk_poly.py:88 - ==> 开始扫描订单
2026-01-16 23:53:23 - risk-poly - INFO - risk_poly.py:86 -                     
2026-01-16 23:53:23 - risk-poly - INFO - risk_poly.py:87 - ========================================
2026-01-16 23:53:23 - risk-poly - INFO - risk_poly.py:88 - ==> 开始扫描订单
2026-01-16 23:53:33 - risk-poly - INFO - risk_poly.py:86 -                     
2026-01-16 23:53:33 - risk-poly - INFO - risk_poly.py:87 - ========================================
2026-01-16 23:53:33 - risk-poly - INFO - risk_poly.py:88 - ==> 开始扫描订单
2026-01-16 23:53:43 - risk-poly - INFO - risk_poly.py:86 -                     
2026-01-16 23:53:43 - risk-poly - INFO - risk_poly.py:87 - ========================================
2026-01-16 23:53:43 - risk-poly - INFO - risk_poly.py:88 - ==> 开始扫描订单
2026-01-16 23:53:53 - risk-poly - INFO - risk_poly.py:86 -                     
2026-01-16 23:53:53 - risk-poly - INFO - risk_poly.py:87 - ========================================
2026-01-16 23:53:53 - risk-poly - INFO - risk_poly.py:88 - ==> 开始扫描订单
2026-01-16 23:54:03 - risk-poly - INFO - risk_poly.py:86 -                     
2026-01-16 23:54:03 - risk-poly - INFO - risk_poly.py:87 - ========================================
2026-01-16 23:54:03 - risk-poly - INFO - risk_poly.py:88 - ==> 开始扫描订单
2026-01-16 23:54:13 - risk-poly - INFO - risk_poly.py:86 -                     
2026-01-16 23:54:13 - risk-poly - INFO - risk_poly.py:87 - ========================================
2026-01-16 23:54:13 - risk-poly - INFO - risk_poly.py:88 - ==> 开始扫描订单
2026-01-16 23:54:23 - risk-poly - INFO - risk_poly.py:86 -                     
2026-01-16 23:54:23 - risk-poly - INFO - risk_poly.py:87 - ========================================
2026-01-16 23:54:23 - risk-poly - INFO - risk_poly.py:88 - ==> 开始扫描订单
2026-01-16 23:54:33 - risk-poly - INFO - risk_poly.py:86 -                     
2026-01-16 23:54:33 - risk-poly - INFO - risk_poly.py:87 - ========================================
2026-01-16 23:54:33 - risk-poly - INFO - risk_poly.py:88 - ==> 开始扫描订单
2026-01-16 23:54:43 - risk-poly - INFO - risk_poly.py:86 -                     
2026-01-16 23:54:43 - risk-poly - INFO - risk_poly.py:87 - ========================================
2026-01-16 23:54:43 - risk-poly - INFO - risk_poly.py:88 - ==> 开始扫描订单
2026-01-16 23:54:53 - risk-poly - INFO - risk_poly.py:86 -                     
2026-01-16 23:54:53 - risk-poly - INFO - risk_poly.py:87 - ========================================
2026-01-16 23:54:53 - risk-poly - INFO - risk_poly.py:88 - ==> 开始扫描订单
2026-01-16 23:55:03 - risk-poly - INFO - risk_poly.py:86 -                     
2026-01-16 23:55:03 - risk-poly - INFO - risk_poly.py:87 - ========================================
2026-01-16 23:55:03 - risk-poly - INFO - risk_poly.py:88 - ==> 开始扫描订单
2026-01-16 23:55:13 - risk-poly - INFO - risk_poly.py:86 -                     
2026-01-16 23:55:13 - risk-poly - INFO - risk_poly.py:87 - ========================================
2026-01-16 23:55:13 - risk-poly - INFO - risk_poly.py:88 - ==> 开始扫描订单
2026-01-16 23:55:23 - risk-poly - INFO - risk_poly.py:86 -                     
2026-01-16 23:55:23 - risk-poly - INFO - risk_poly.py:87 - ========================================
2026-01-16 23:55:23 - risk-poly - INFO - risk_poly.py:88 - ==> 开始扫描订单
2026-01-16 23:55:33 - risk-poly - INFO - risk_poly.py:86 -                     
2026-01-16 23:55:33 - risk-poly - INFO - risk_poly.py:87 - ========================================
2026-01-16 23:55:33 - risk-poly - INFO - risk_poly.py:88 - ==> 开始扫描订单
2026-01-16 23:55:43 - risk-poly - INFO - risk_poly.py:86 -                     
2026-01-16 23:55:43 - risk-poly - INFO - risk_poly.py:87 - ========================================
2026-01-16 23:55:43 - risk-poly - INFO - risk_poly.py:88 - ==> 开始扫描订单
2026-01-16 23:55:53 - risk-poly - INFO - risk_poly.py:86 -                     
2026-01-16 23:55:53 - risk-poly - INFO - risk_poly.py:87 - ========================================
2026-01-16 23:55:53 - risk-poly - INFO - risk_poly.py:88 - ==> 开始扫描订单
2026-01-16 23:56:03 - risk-poly - INFO - risk_poly.py:86 -                     
2026-01-16 23:56:03 - risk-poly - INFO - risk_poly.py:87 - ========================================
2026-01-16 23:56:03 - risk-poly - INFO - risk_poly.py:88 - ==> 开始扫描订单
2026-01-16 23:56:13 - risk-poly - INFO - risk_poly.py:86 -                     
2026-01-16 23:56:13 - risk-poly - INFO - risk_poly.py:87 - ========================================
2026-01-16 23:56:13 - risk-poly - INFO - risk_poly.py:88 - ==> 开始扫描订单
2026-01-16 23:56:23 - risk-poly - INFO - risk_poly.py:86 -                     
2026-01-16 23:56:23 - risk-poly - INFO - risk_poly.py:87 - ========================================
2026-01-16 23:56:23 - risk-poly - INFO - risk_poly.py:88 - ==> 开始扫描订单
2026-01-16 23:56:33 - risk-poly - INFO - risk_poly.py:86 -                     
2026-01-16 23:56:33 - risk-poly - INFO - risk_poly.py:87 - ========================================
2026-01-16 23:56:33 - risk-poly - INFO - risk_poly.py:88 - ==> 开始扫描订单
2026-01-16 23:56:43 - risk-poly - INFO - risk_poly.py:86 -                     
2026-01-16 23:56:43 - risk-poly - INFO - risk_poly.py:87 - ========================================
2026-01-16 23:56:43 - risk-poly - INFO - risk_poly.py:88 - ==> 开始扫描订单
2026-01-16 23:56:53 - risk-poly - INFO - risk_poly.py:86 -                     
2026-01-16 23:56:53 - risk-poly - INFO - risk_poly.py:87 - ========================================
2026-01-16 23:56:53 - risk-poly - INFO - risk_poly.py:88 - ==> 开始扫描订单
2026-01-16 23:57:03 - risk-poly - INFO - risk_poly.py:86 -                     
2026-01-16 23:57:03 - risk-poly - INFO - risk_poly.py:87 - ========================================
2026-01-16 23:57:03 - risk-poly - INFO - risk_poly.py:88 - ==> 开始扫描订单
2026-01-16 23:57:13 - risk-poly - INFO - risk_poly.py:86 -                     
2026-01-16 23:57:13 - risk-poly - INFO - risk_poly.py:87 - ========================================
2026-01-16 23:57:13 - risk-poly - INFO - risk_poly.py:88 - ==> 开始扫描订单
2026-01-16 23:57:23 - risk-poly - INFO - risk_poly.py:86 -                     
2026-01-16 23:57:23 - risk-poly - INFO - risk_poly.py:87 - ========================================
2026-01-16 23:57:23 - risk-poly - INFO - risk_poly.py:88 - ==> 开始扫描订单
2026-01-16 23:57:33 - risk-poly - INFO - risk_poly.py:86 -                     
2026-01-16 23:57:33 - risk-poly - INFO - risk_poly.py:87 - ========================================
2026-01-16 23:57:33 - risk-poly - INFO - risk_poly.py:88 - ==> 开始扫描订单
2026-01-16 23:57:43 - risk-poly - INFO - risk_poly.py:86 -                     
2026-01-16 23:57:43 - risk-poly - INFO - risk_poly.py:87 - ========================================
2026-01-16 23:57:43 - risk-poly - INFO - risk_poly.py:88 - ==> 开始扫描订单
2026-01-16 23:57:53 - risk-poly - INFO - risk_poly.py:86 -                     
2026-01-16 23:57:53 - risk-poly - INFO - risk_poly.py:87 - ========================================
2026-01-16 23:57:53 - risk-poly - INFO - risk_poly.py:88 - ==> 开始扫描订单
2026-01-16 23:58:03 - risk-poly - INFO - risk_poly.py:86 -                     
2026-01-16 23:58:03 - risk-poly - INFO - risk_poly.py:87 - ========================================
2026-01-16 23:58:03 - risk-poly - INFO - risk_poly.py:88 - ==> 开始扫描订单
2026-01-16 23:58:13 - risk-poly - INFO - risk_poly.py:86 -                     
2026-01-16 23:58:13 - risk-poly - INFO - risk_poly.py:87 - ========================================
2026-01-16 23:58:13 - risk-poly - INFO - risk_poly.py:88 - ==> 开始扫描订单
2026-01-16 23:58:14 - risk-poly - INFO - risk_poly.py:139 - ==> 记录数据:btc-updown-15m-1768578300
2026-01-16 23:58:14 - risk-poly - INFO - risk_poly.py:141 - ==> 开始处理订单:【0.35/0.97/0.97】, outcome:Up, side:BUY, size:5 【btc-updown-15m-1768578300 】
2026-01-16 23:58:14 - risk-poly - INFO - risk_poly.py:149 - ==> 订单状态正常
2026-01-16 23:58:23 - risk-poly - INFO - risk_poly.py:86 -                     
2026-01-16 23:58:23 - risk-poly - INFO - risk_poly.py:87 - ========================================
2026-01-16 23:58:23 - risk-poly - INFO - risk_poly.py:88 - ==> 开始扫描订单
2026-01-16 23:58:24 - risk-poly - INFO - risk_poly.py:139 - ==> 记录数据:btc-updown-15m-1768578300
2026-01-16 23:58:24 - risk-poly - INFO - risk_poly.py:141 - ==> 开始处理订单:【0.35/0.98/0.97】, outcome:Up, side:BUY, size:5 【btc-updown-15m-1768578300 】
2026-01-16 23:58:24 - risk-poly - INFO - risk_poly.py:149 - ==> 订单状态正常
2026-01-16 23:58:33 - risk-poly - INFO - risk_poly.py:86 -                     
2026-01-16 23:58:33 - risk-poly - INFO - risk_poly.py:87 - ========================================
2026-01-16 23:58:33 - risk-poly - INFO - risk_poly.py:88 - ==> 开始扫描订单
2026-01-16 23:58:34 - risk-poly - INFO - risk_poly.py:139 - ==> 记录数据:btc-updown-15m-1768578300
2026-01-16 23:58:34 - risk-poly - INFO - risk_poly.py:141 - ==> 开始处理订单:【0.35/0.96/0.97】, outcome:Up, side:BUY, size:5 【btc-updown-15m-1768578300 】
2026-01-16 23:58:34 - risk-poly - INFO - risk_poly.py:149 - ==> 订单状态正常
2026-01-16 23:58:43 - risk-poly - INFO - risk_poly.py:86 -                     
2026-01-16 23:58:43 - risk-poly - INFO - risk_poly.py:87 - ========================================
2026-01-16 23:58:43 - risk-poly - INFO - risk_poly.py:88 - ==> 开始扫描订单
2026-01-16 23:58:44 - risk-poly - INFO - risk_poly.py:139 - ==> 记录数据:btc-updown-15m-1768578300
2026-01-16 23:58:44 - risk-poly - INFO - risk_poly.py:141 - ==> 开始处理订单:【0.35/0.97/0.97】, outcome:Up, side:BUY, size:5 【btc-updown-15m-1768578300 】
2026-01-16 23:58:44 - risk-poly - INFO - risk_poly.py:149 - ==> 订单状态正常
2026-01-16 23:58:53 - risk-poly - INFO - risk_poly.py:86 -                     
2026-01-16 23:58:53 - risk-poly - INFO - risk_poly.py:87 - ========================================
2026-01-16 23:58:53 - risk-poly - INFO - risk_poly.py:88 - ==> 开始扫描订单
2026-01-16 23:58:54 - risk-poly - INFO - risk_poly.py:139 - ==> 记录数据:btc-updown-15m-1768578300
2026-01-16 23:58:54 - risk-poly - INFO - risk_poly.py:141 - ==> 开始处理订单:【0.35/0.98/0.97】, outcome:Up, side:BUY, size:5 【btc-updown-15m-1768578300 】
2026-01-16 23:58:54 - risk-poly - INFO - risk_poly.py:149 - ==> 订单状态正常
2026-01-16 23:59:03 - risk-poly - INFO - risk_poly.py:86 -                     
2026-01-16 23:59:03 - risk-poly - INFO - risk_poly.py:87 - ========================================
2026-01-16 23:59:03 - risk-poly - INFO - risk_poly.py:88 - ==> 开始扫描订单
2026-01-16 23:59:04 - risk-poly - INFO - risk_poly.py:139 - ==> 记录数据:btc-updown-15m-1768578300
2026-01-16 23:59:04 - risk-poly - INFO - risk_poly.py:141 - ==> 开始处理订单:【0.35/0.99/0.97】, outcome:Up, side:BUY, size:5 【btc-updown-15m-1768578300 】
2026-01-16 23:59:04 - risk-poly - INFO - risk_poly.py:149 - ==> 订单状态正常
2026-01-16 23:59:13 - risk-poly - INFO - risk_poly.py:86 -                     
2026-01-16 23:59:13 - risk-poly - INFO - risk_poly.py:87 - ========================================
2026-01-16 23:59:13 - risk-poly - INFO - risk_poly.py:88 - ==> 开始扫描订单
2026-01-16 23:59:14 - risk-poly - INFO - risk_poly.py:139 - ==> 记录数据:btc-updown-15m-1768578300
2026-01-16 23:59:14 - risk-poly - INFO - risk_poly.py:141 - ==> 开始处理订单:【0.35/0.99/0.97】, outcome:Up, side:BUY, size:5 【btc-updown-15m-1768578300 】
2026-01-16 23:59:14 - risk-poly - INFO - risk_poly.py:149 - ==> 订单状态正常
2026-01-16 23:59:23 - risk-poly - INFO - risk_poly.py:86 -                     
2026-01-16 23:59:23 - risk-poly - INFO - risk_poly.py:87 - ========================================
2026-01-16 23:59:23 - risk-poly - INFO - risk_poly.py:88 - ==> 开始扫描订单
2026-01-16 23:59:24 - risk-poly - INFO - risk_poly.py:139 - ==> 记录数据:xrp-updown-15m-1768578300
2026-01-16 23:59:24 - risk-poly - INFO - risk_poly.py:141 - ==> 开始处理订单:【0.35/0.99/0.98】, outcome:Down, side:BUY, size:5 【xrp-updown-15m-1768578300 】
2026-01-16 23:59:24 - risk-poly - INFO - risk_poly.py:149 - ==> 订单状态正常
2026-01-16 23:59:24 - risk-poly - INFO - risk_poly.py:139 - ==> 记录数据:btc-updown-15m-1768578300
2026-01-16 23:59:24 - risk-poly - INFO - risk_poly.py:141 - ==> 开始处理订单:【0.35/0.99/0.97】, outcome:Up, side:BUY, size:5 【btc-updown-15m-1768578300 】
2026-01-16 23:59:24 - risk-poly - INFO - risk_poly.py:149 - ==> 订单状态正常
2026-01-16 23:59:33 - risk-poly - INFO - risk_poly.py:86 -                     
2026-01-16 23:59:33 - risk-poly - INFO - risk_poly.py:87 - ========================================
2026-01-16 23:59:33 - risk-poly - INFO - risk_poly.py:88 - ==> 开始扫描订单
2026-01-16 23:59:34 - risk-poly - INFO - risk_poly.py:139 - ==> 记录数据:eth-updown-15m-1768578300
2026-01-16 23:59:34 - risk-poly - INFO - risk_poly.py:141 - ==> 开始处理订单:【0.35/0.99/0.98】, outcome:Down, side:BUY, size:5 【eth-updown-15m-1768578300 】
2026-01-16 23:59:34 - risk-poly - INFO - risk_poly.py:149 - ==> 订单状态正常
2026-01-16 23:59:34 - risk-poly - INFO - risk_poly.py:139 - ==> 记录数据:xrp-updown-15m-1768578300
2026-01-16 23:59:34 - risk-poly - INFO - risk_poly.py:141 - ==> 开始处理订单:【0.35/0.99/0.98】, outcome:Down, side:BUY, size:5 【xrp-updown-15m-1768578300 】
2026-01-16 23:59:34 - risk-poly - INFO - risk_poly.py:149 - ==> 订单状态正常
2026-01-16 23:59:35 - risk-poly - INFO - risk_poly.py:139 - ==> 记录数据:btc-updown-15m-1768578300
2026-01-16 23:59:35 - risk-poly - INFO - risk_poly.py:141 - ==> 开始处理订单:【0.35/0.99/0.97】, outcome:Up, side:BUY, size:5 【btc-updown-15m-1768578300 】
2026-01-16 23:59:35 - risk-poly - INFO - risk_poly.py:149 - ==> 订单状态正常
2026-01-16 23:59:43 - risk-poly - INFO - risk_poly.py:86 -                     
2026-01-16 23:59:43 - risk-poly - INFO - risk_poly.py:87 - ========================================
2026-01-16 23:59:43 - risk-poly - INFO - risk_poly.py:88 - ==> 开始扫描订单
2026-01-16 23:59:44 - risk-poly - INFO - risk_poly.py:139 - ==> 记录数据:eth-updown-15m-1768578300
2026-01-16 23:59:44 - risk-poly - INFO - risk_poly.py:141 - ==> 开始处理订单:【0.35/0.99/0.98】, outcome:Down, side:BUY, size:5 【eth-updown-15m-1768578300 】
2026-01-16 23:59:44 - risk-poly - INFO - risk_poly.py:149 - ==> 订单状态正常
2026-01-16 23:59:44 - risk-poly - INFO - risk_poly.py:139 - ==> 记录数据:xrp-updown-15m-1768578300
2026-01-16 23:59:44 - risk-poly - INFO - risk_poly.py:141 - ==> 开始处理订单:【0.35/0.99/0.98】, outcome:Down, side:BUY, size:5 【xrp-updown-15m-1768578300 】
2026-01-16 23:59:44 - risk-poly - INFO - risk_poly.py:149 - ==> 订单状态正常
2026-01-16 23:59:45 - risk-poly - INFO - risk_poly.py:139 - ==> 记录数据:btc-updown-15m-1768578300
2026-01-16 23:59:45 - risk-poly - INFO - risk_poly.py:141 - ==> 开始处理订单:【0.35/1.0/0.97】, outcome:Up, side:BUY, size:5 【btc-updown-15m-1768578300 】
2026-01-16 23:59:45 - risk-poly - INFO - risk_poly.py:149 - ==> 订单状态正常
2026-01-16 23:59:53 - risk-poly - INFO - risk_poly.py:86 -                     
2026-01-16 23:59:53 - risk-poly - INFO - risk_poly.py:87 - ========================================
2026-01-16 23:59:53 - risk-poly - INFO - risk_poly.py:88 - ==> 开始扫描订单
2026-01-16 23:59:54 - risk-poly - INFO - risk_poly.py:139 - ==> 记录数据:eth-updown-15m-1768578300
2026-01-16 23:59:54 - risk-poly - INFO - risk_poly.py:141 - ==> 开始处理订单:【0.35/1.0/0.98】, outcome:Down, side:BUY, size:5 【eth-updown-15m-1768578300 】
2026-01-16 23:59:54 - risk-poly - INFO - risk_poly.py:149 - ==> 订单状态正常
2026-01-16 23:59:54 - risk-poly - INFO - risk_poly.py:139 - ==> 记录数据:xrp-updown-15m-1768578300
2026-01-16 23:59:54 - risk-poly - INFO - risk_poly.py:141 - ==> 开始处理订单:【0.35/1.0/0.98】, outcome:Down, side:BUY, size:5 【xrp-updown-15m-1768578300 】
2026-01-16 23:59:54 - risk-poly - INFO - risk_poly.py:149 - ==> 订单状态正常
2026-01-16 23:59:55 - risk-poly - INFO - risk_poly.py:139 - ==> 记录数据:btc-updown-15m-1768578300
2026-01-16 23:59:55 - risk-poly - INFO - risk_poly.py:141 - ==> 开始处理订单:【0.35/1.0/0.97】, outcome:Up, side:BUY, size:5 【btc-updown-15m-1768578300 】
2026-01-16 23:59:55 - risk-poly - INFO - risk_poly.py:149 - ==> 订单状态正常
2026-01-17 00:00:03 - risk-poly - INFO - risk_poly.py:86 -                     
2026-01-17 00:00:03 - risk-poly - INFO - risk_poly.py:87 - ========================================
2026-01-17 00:00:03 - risk-poly - INFO - risk_poly.py:88 - ==> 开始扫描订单
2026-01-17 00:00:04 - risk-poly - INFO - risk_poly.py:139 - ==> 记录数据:eth-updown-15m-1768578300
2026-01-17 00:00:04 - risk-poly - INFO - risk_poly.py:141 - ==> 开始处理订单:【0.35/1.0/0.98】, outcome:Down, side:BUY, size:5 【eth-updown-15m-1768578300 】
2026-01-17 00:00:04 - risk-poly - INFO - risk_poly.py:149 - ==> 订单状态正常
2026-01-17 00:00:04 - risk-poly - INFO - risk_poly.py:139 - ==> 记录数据:xrp-updown-15m-1768578300
2026-01-17 00:00:04 - risk-poly - INFO - risk_poly.py:141 - ==> 开始处理订单:【0.35/1.0/0.98】, outcome:Down, side:BUY, size:5 【xrp-updown-15m-1768578300 】
2026-01-17 00:00:04 - risk-poly - INFO - risk_poly.py:149 - ==> 订单状态正常
2026-01-17 00:00:05 - risk-poly - INFO - risk_poly.py:139 - ==> 记录数据:btc-updown-15m-1768578300
2026-01-17 00:00:05 - risk-poly - INFO - risk_poly.py:141 - ==> 开始处理订单:【0.35/1.0/0.97】, outcome:Up, side:BUY, size:5 【btc-updown-15m-1768578300 】
2026-01-17 00:00:05 - risk-poly - INFO - risk_poly.py:149 - ==> 订单状态正常
2026-01-17 00:00:13 - risk-poly - INFO - risk_poly.py:86 -                     
2026-01-17 00:00:13 - risk-poly - INFO - risk_poly.py:87 - ========================================
2026-01-17 00:00:13 - risk-poly - INFO - risk_poly.py:88 - ==> 开始扫描订单
2026-01-17 00:00:14 - risk-poly - INFO - risk_poly.py:139 - ==> 记录数据:eth-updown-15m-1768578300
2026-01-17 00:00:14 - risk-poly - INFO - risk_poly.py:141 - ==> 开始处理订单:【0.35/1.0/0.98】, outcome:Down, side:BUY, size:5 【eth-updown-15m-1768578300 】
2026-01-17 00:00:14 - risk-poly - INFO - risk_poly.py:149 - ==> 订单状态正常
2026-01-17 00:00:14 - risk-poly - INFO - risk_poly.py:139 - ==> 记录数据:xrp-updown-15m-1768578300
2026-01-17 00:00:14 - risk-poly - INFO - risk_poly.py:141 - ==> 开始处理订单:【0.35/1.0/0.98】, outcome:Down, side:BUY, size:5 【xrp-updown-15m-1768578300 】
2026-01-17 00:00:14 - risk-poly - INFO - risk_poly.py:149 - ==> 订单状态正常
2026-01-17 00:00:15 - risk-poly - INFO - risk_poly.py:139 - ==> 记录数据:btc-updown-15m-1768578300
2026-01-17 00:00:15 - risk-poly - INFO - risk_poly.py:141 - ==> 开始处理订单:【0.35/1.0/0.97】, outcome:Up, side:BUY, size:5 【btc-updown-15m-1768578300 】
2026-01-17 00:00:15 - risk-poly - INFO - risk_poly.py:149 - ==> 订单状态正常
2026-01-17 00:00:23 - risk-poly - INFO - risk_poly.py:86 -                     
2026-01-17 00:00:23 - risk-poly - INFO - risk_poly.py:87 - ========================================
2026-01-17 00:00:23 - risk-poly - INFO - risk_poly.py:88 - ==> 开始扫描订单
2026-01-17 00:00:24 - risk-poly - INFO - risk_poly.py:139 - ==> 记录数据:eth-updown-15m-1768578300
2026-01-17 00:00:24 - risk-poly - INFO - risk_poly.py:141 - ==> 开始处理订单:【0.35/1.0/0.98】, outcome:Down, side:BUY, size:5 【eth-updown-15m-1768578300 】
2026-01-17 00:00:24 - risk-poly - INFO - risk_poly.py:149 - ==> 订单状态正常
2026-01-17 00:00:24 - risk-poly - INFO - risk_poly.py:139 - ==> 记录数据:xrp-updown-15m-1768578300
2026-01-17 00:00:24 - risk-poly - INFO - risk_poly.py:141 - ==> 开始处理订单:【0.35/1.0/0.98】, outcome:Down, side:BUY, size:5 【xrp-updown-15m-1768578300 】
2026-01-17 00:00:24 - risk-poly - INFO - risk_poly.py:149 - ==> 订单状态正常
2026-01-17 00:00:25 - risk-poly - INFO - risk_poly.py:139 - ==> 记录数据:btc-updown-15m-1768578300
2026-01-17 00:00:25 - risk-poly - INFO - risk_poly.py:141 - ==> 开始处理订单:【0.35/1.0/0.97】, outcome:Up, side:BUY, size:5 【btc-updown-15m-1768578300 】
2026-01-17 00:00:25 - risk-poly - INFO - risk_poly.py:149 - ==> 订单状态正常
2026-01-17 00:00:33 - risk-poly - INFO - risk_poly.py:86 -                     
2026-01-17 00:00:33 - risk-poly - INFO - risk_poly.py:87 - ========================================
2026-01-17 00:00:33 - risk-poly - INFO - risk_poly.py:88 - ==> 开始扫描订单
2026-01-17 00:00:34 - risk-poly - INFO - risk_poly.py:139 - ==> 记录数据:eth-updown-15m-1768578300
2026-01-17 00:00:34 - risk-poly - INFO - risk_poly.py:141 - ==> 开始处理订单:【0.35/1.0/0.98】, outcome:Down, side:BUY, size:5 【eth-updown-15m-1768578300 】
2026-01-17 00:00:34 - risk-poly - INFO - risk_poly.py:149 - ==> 订单状态正常
2026-01-17 00:00:35 - risk-poly - INFO - risk_poly.py:139 - ==> 记录数据:xrp-updown-15m-1768578300
2026-01-17 00:00:35 - risk-poly - INFO - risk_poly.py:141 - ==> 开始处理订单:【0.35/1.0/0.98】, outcome:Down, side:BUY, size:5 【xrp-updown-15m-1768578300 】
2026-01-17 00:00:35 - risk-poly - INFO - risk_poly.py:149 - ==> 订单状态正常
2026-01-17 00:00:35 - risk-poly - INFO - risk_poly.py:139 - ==> 记录数据:btc-updown-15m-1768578300
2026-01-17 00:00:35 - risk-poly - INFO - risk_poly.py:141 - ==> 开始处理订单:【0.35/1.0/0.97】, outcome:Up, side:BUY, size:5 【btc-updown-15m-1768578300 】
2026-01-17 00:00:35 - risk-poly - INFO - risk_poly.py:149 - ==> 订单状态正常
2026-01-17 00:00:43 - risk-poly - INFO - risk_poly.py:86 -                     
2026-01-17 00:00:43 - risk-poly - INFO - risk_poly.py:87 - ========================================
2026-01-17 00:00:43 - risk-poly - INFO - risk_poly.py:88 - ==> 开始扫描订单
2026-01-17 00:00:44 - risk-poly - INFO - risk_poly.py:139 - ==> 记录数据:eth-updown-15m-1768578300
2026-01-17 00:00:44 - risk-poly - INFO - risk_poly.py:141 - ==> 开始处理订单:【0.35/1.0/0.98】, outcome:Down, side:BUY, size:5 【eth-updown-15m-1768578300 】
2026-01-17 00:00:44 - risk-poly - INFO - risk_poly.py:149 - ==> 订单状态正常
2026-01-17 00:00:45 - risk-poly - INFO - risk_poly.py:139 - ==> 记录数据:xrp-updown-15m-1768578300
2026-01-17 00:00:45 - risk-poly - INFO - risk_poly.py:141 - ==> 开始处理订单:【0.35/1.0/0.98】, outcome:Down, side:BUY, size:5 【xrp-updown-15m-1768578300 】
2026-01-17 00:00:45 - risk-poly - INFO - risk_poly.py:149 - ==> 订单状态正常
2026-01-17 00:00:45 - risk-poly - INFO - risk_poly.py:139 - ==> 记录数据:btc-updown-15m-1768578300
2026-01-17 00:00:45 - risk-poly - INFO - risk_poly.py:141 - ==> 开始处理订单:【0.35/1.0/0.97】, outcome:Up, side:BUY, size:5 【btc-updown-15m-1768578300 】
2026-01-17 00:00:45 - risk-poly - INFO - risk_poly.py:149 - ==> 订单状态正常
2026-01-17 00:00:53 - risk-poly - INFO - risk_poly.py:86 -                     
2026-01-17 00:00:53 - risk-poly - INFO - risk_poly.py:87 - ========================================
2026-01-17 00:00:53 - risk-poly - INFO - risk_poly.py:88 - ==> 开始扫描订单
2026-01-17 00:00:54 - risk-poly - INFO - risk_poly.py:139 - ==> 记录数据:eth-updown-15m-1768578300
2026-01-17 00:00:54 - risk-poly - INFO - risk_poly.py:141 - ==> 开始处理订单:【0.35/1.0/0.98】, outcome:Down, side:BUY, size:5 【eth-updown-15m-1768578300 】
2026-01-17 00:00:54 - risk-poly - INFO - risk_poly.py:149 - ==> 订单状态正常
2026-01-17 00:00:54 - risk-poly - INFO - risk_poly.py:139 - ==> 记录数据:xrp-updown-15m-1768578300
2026-01-17 00:00:54 - risk-poly - INFO - risk_poly.py:141 - ==> 开始处理订单:【0.35/1.0/0.98】, outcome:Down, side:BUY, size:5 【xrp-updown-15m-1768578300 】
2026-01-17 00:00:54 - risk-poly - INFO - risk_poly.py:149 - ==> 订单状态正常
2026-01-17 00:00:55 - risk-poly - INFO - risk_poly.py:139 - ==> 记录数据:btc-updown-15m-1768578300
2026-01-17 00:00:55 - risk-poly - INFO - risk_poly.py:141 - ==> 开始处理订单:【0.35/1.0/0.97】, outcome:Up, side:BUY, size:5 【btc-updown-15m-1768578300 】
2026-01-17 00:00:55 - risk-poly - INFO - risk_poly.py:149 - ==> 订单状态正常
2026-01-17 00:02:34 - risk-poly - INFO - risk_poly.py:87 -                     
2026-01-17 00:02:34 - risk-poly - INFO - risk_poly.py:88 - ========================================
2026-01-17 00:02:34 - risk-poly - INFO - risk_poly.py:89 - ==> 开始扫描订单
2026-01-17 00:02:35 - risk-poly - WARNING - risk_poly.py:146 - ==> 价格过低，放弃处理
2026-01-17 00:02:35 - risk-poly - WARNING - risk_poly.py:146 - ==> 价格过低，放弃处理
2026-01-17 00:02:36 - risk-poly - WARNING - risk_poly.py:146 - ==> 价格过低，放弃处理
2026-01-17 00:02:44 - risk-poly - INFO - risk_poly.py:87 -                     
2026-01-17 00:02:44 - risk-poly - INFO - risk_poly.py:88 - ========================================
2026-01-17 00:02:44 - risk-poly - INFO - risk_poly.py:89 - ==> 开始扫描订单
2026-01-17 00:02:45 - risk-poly - WARNING - risk_poly.py:146 - ==> 价格过低，放弃处理
2026-01-17 00:02:45 - risk-poly - WARNING - risk_poly.py:146 - ==> 价格过低，放弃处理
2026-01-17 00:02:54 - risk-poly - INFO - risk_poly.py:87 -                     
2026-01-17 00:02:54 - risk-poly - INFO - risk_poly.py:88 - ========================================
2026-01-17 00:02:54 - risk-poly - INFO - risk_poly.py:89 - ==> 开始扫描订单
2026-01-17 00:02:55 - risk-poly - WARNING - risk_poly.py:146 - ==> 价格过低，放弃处理
2026-01-17 00:02:55 - risk-poly - WARNING - risk_poly.py:146 - ==> 价格过低，放弃处理
2026-01-17 00:02:56 - risk-poly - WARNING - risk_poly.py:146 - ==> 价格过低，放弃处理
2026-01-17 00:03:04 - risk-poly - INFO - risk_poly.py:87 -                     
2026-01-17 00:03:04 - risk-poly - INFO - risk_poly.py:88 - ========================================
2026-01-17 00:03:04 - risk-poly - INFO - risk_poly.py:89 - ==> 开始扫描订单
2026-01-17 00:03:05 - risk-poly - WARNING - risk_poly.py:146 - ==> 价格过低，放弃处理
2026-01-17 00:03:05 - risk-poly - WARNING - risk_poly.py:146 - ==> 价格过低，放弃处理
2026-01-17 00:03:14 - risk-poly - INFO - risk_poly.py:87 -                     
2026-01-17 00:03:14 - risk-poly - INFO - risk_poly.py:88 - ========================================
2026-01-17 00:03:14 - risk-poly - INFO - risk_poly.py:89 - ==> 开始扫描订单
2026-01-17 00:03:15 - risk-poly - WARNING - risk_poly.py:146 - ==> 价格过低，放弃处理
2026-01-17 00:03:15 - risk-poly - WARNING - risk_poly.py:146 - ==> 价格过低，放弃处理
