2026-01-16 20:42:21 - scan-poly - WARNING - polymarket.py:175 -                     
2026-01-16 20:42:21 - scan-poly - WARNING - polymarket.py:169 -                     
2026-01-16 20:42:21 - scan-poly - WARNING - polymarket.py:170 - ---------------------------------------------------
2026-01-16 20:42:21 - scan-poly - WARNING - polymarket.py:171 - =========>> 价格满足，准备下单!btc-updown-15m-1768566600   << ============
2026-01-16 20:42:21 - scan-poly - WARNING - polymarket.py:172 - ==>> 市场ID: 1189795/【btc-updown-15m-1768566600 】 DOWN最佳:0.94, UP最佳:0.07
2026-01-16 20:42:23 - scan-poly - WARNING - polymarket.py:197 - ===>提交订单:   41860896180427718853099226350305888273080027065953306649519894912060865170632, $0.9400 x 5.0 shares
2026-01-16 20:42:24 - scan-poly - WARNING - polymarket.py:175 -                     
2026-01-16 20:42:24 - scan-poly - WARNING - polymarket.py:175 -                     
2026-01-16 20:42:25 - scan-poly - WARNING - polymarket.py:175 -                     
2026-01-16 20:42:26 - scan-poly - WARNING - polymarket.py:175 -                     
2026-01-16 20:42:26 - scan-poly - WARNING - polymarket.py:175 -                     
2026-01-16 20:42:27 - scan-poly - WARNING - polymarket.py:175 -                     
2026-01-16 20:43:22 - scan-poly - WARNING - polymarket.py:175 -                     
2026-01-16 20:43:22 - scan-poly - WARNING - polymarket.py:175 -                     
2026-01-16 20:43:23 - scan-poly - WARNING - polymarket.py:175 -                     
2026-01-16 20:43:24 - scan-poly - WARNING - polymarket.py:175 -                     
2026-01-16 20:43:24 - scan-poly - WARNING - polymarket.py:175 -                     
2026-01-16 20:43:25 - scan-poly - WARNING - polymarket.py:175 -                     
2026-01-16 20:43:26 - scan-poly - WARNING - polymarket.py:175 -                     
2026-01-16 20:43:26 - scan-poly - WARNING - polymarket.py:175 -                     
2026-01-16 20:44:21 - scan-poly - WARNING - polymarket.py:169 -                     
2026-01-16 20:44:21 - scan-poly - WARNING - polymarket.py:170 - ---------------------------------------------------
2026-01-16 20:44:21 - scan-poly - WARNING - polymarket.py:171 - =========>> 价格满足，准备下单!sol-updown-15m-1768566600   << ============
2026-01-16 20:44:21 - scan-poly - WARNING - polymarket.py:172 - ==>> 市场ID: 1189792/【sol-updown-15m-1768566600 】 DOWN最佳:0.96, UP最佳:0.1
2026-01-16 20:44:23 - scan-poly - WARNING - polymarket.py:197 - ===>提交订单:   56852453523132463417376785948205103693097738908988765954793144705088722140348, $0.9600 x 5.0 shares
2026-01-16 20:44:23 - scan-poly - WARNING - polymarket.py:175 -                     
2026-01-16 20:44:24 - scan-poly - WARNING - polymarket.py:175 -                     
2026-01-16 20:44:25 - scan-poly - WARNING - polymarket.py:175 -                     
2026-01-16 20:44:25 - scan-poly - WARNING - polymarket.py:175 -                     
2026-01-16 20:44:26 - scan-poly - WARNING - polymarket.py:175 -                     
2026-01-16 20:44:26 - scan-poly - WARNING - polymarket.py:175 -                     
2026-01-16 20:44:27 - scan-poly - WARNING - polymarket.py:175 -                     
2026-01-16 20:47:21 - scan-poly - WARNING - polymarket.py:175 -                     
2026-01-16 20:47:21 - scan-poly - WARNING - polymarket.py:175 -                     
2026-01-16 20:47:22 - scan-poly - WARNING - polymarket.py:175 -                     
2026-01-16 20:47:23 - scan-poly - WARNING - polymarket.py:175 -                     
2026-01-16 20:48:19 - scan-poly - WARNING - polymarket.py:175 -                     
2026-01-16 20:48:20 - scan-poly - WARNING - polymarket.py:175 -                     
2026-01-16 20:48:21 - scan-poly - WARNING - polymarket.py:175 -                     
2026-01-16 20:48:21 - scan-poly - WARNING - polymarket.py:175 -                     
2026-01-16 20:49:20 - scan-poly - WARNING - polymarket.py:175 -                     
2026-01-16 20:49:21 - scan-poly - WARNING - polymarket.py:175 -                     
2026-01-16 20:49:22 - scan-poly - WARNING - polymarket.py:175 -                     
2026-01-16 20:49:22 - scan-poly - WARNING - polymarket.py:175 -                     
2026-01-16 20:52:21 - scan-poly - WARNING - polymarket.py:175 -                     
2026-01-16 20:52:21 - scan-poly - WARNING - polymarket.py:175 -                     
2026-01-16 20:52:22 - scan-poly - WARNING - polymarket.py:175 -                     
2026-01-16 20:52:23 - scan-poly - WARNING - polymarket.py:175 -                     
2026-01-16 20:53:19 - scan-poly - WARNING - polymarket.py:175 -                     
2026-01-16 20:53:20 - scan-poly - WARNING - polymarket.py:175 -                     
2026-01-16 20:53:21 - scan-poly - WARNING - polymarket.py:175 -                     
2026-01-16 20:53:22 - scan-poly - WARNING - polymarket.py:175 -                     
2026-01-16 20:54:21 - scan-poly - WARNING - polymarket.py:175 -                     
2026-01-16 20:54:21 - scan-poly - WARNING - polymarket.py:175 -                     
2026-01-16 20:54:22 - scan-poly - WARNING - polymarket.py:175 -                     
2026-01-16 20:54:23 - scan-poly - WARNING - polymarket.py:175 -                     
2026-01-16 20:57:19 - scan-poly - WARNING - polymarket.py:175 -                     
2026-01-16 20:57:20 - scan-poly - WARNING - polymarket.py:175 -                     
2026-01-16 20:57:20 - scan-poly - WARNING - polymarket.py:175 -                     
2026-01-16 20:57:21 - scan-poly - WARNING - polymarket.py:175 -                     
2026-01-16 20:57:23 - scan-poly - WARNING - polymarket.py:175 -                     
2026-01-16 20:57:23 - scan-poly - WARNING - polymarket.py:175 -                     
2026-01-16 20:57:24 - scan-poly - WARNING - polymarket.py:175 -                     
2026-01-16 20:57:25 - scan-poly - WARNING - polymarket.py:175 -                     
2026-01-16 20:57:25 - scan-poly - WARNING - polymarket.py:175 -                     
2026-01-16 20:57:26 - scan-poly - WARNING - polymarket.py:175 -                     
2026-01-16 20:57:26 - scan-poly - WARNING - polymarket.py:175 -                     
2026-01-16 20:57:27 - scan-poly - WARNING - polymarket.py:169 -                     
2026-01-16 20:57:27 - scan-poly - WARNING - polymarket.py:170 - ---------------------------------------------------
2026-01-16 20:57:27 - scan-poly - WARNING - polymarket.py:171 - =========>> 价格满足，准备下单!btc-updown-15m-1768567500   << ============
2026-01-16 20:57:27 - scan-poly - WARNING - polymarket.py:172 - ==>> 市场ID: 1189814/【btc-updown-15m-1768567500 】 DOWN最佳:0.94, UP最佳:0.07
2026-01-16 20:57:29 - scan-poly - WARNING - polymarket.py:197 - ===>提交订单:   1260973689014511997252611535372172695810350901110854822492303167887896206708, $0.9400 x 5.0 shares
2026-01-16 20:57:30 - scan-poly - WARNING - polymarket.py:175 -                     
2026-01-16 20:57:30 - scan-poly - WARNING - polymarket.py:175 -                     
2026-01-16 20:57:31 - scan-poly - WARNING - polymarket.py:175 -                     
2026-01-16 20:57:32 - scan-poly - WARNING - polymarket.py:175 -                     
2026-01-16 20:58:19 - scan-poly - WARNING - polymarket.py:175 -                     
2026-01-16 20:58:20 - scan-poly - WARNING - polymarket.py:175 -                     
2026-01-16 20:58:20 - scan-poly - WARNING - polymarket.py:175 -                     
2026-01-16 20:58:21 - scan-poly - WARNING - polymarket.py:175 -                     
2026-01-16 20:58:22 - scan-poly - WARNING - polymarket.py:175 -                     
2026-01-16 20:58:23 - scan-poly - WARNING - polymarket.py:175 -                     
2026-01-16 20:58:23 - scan-poly - WARNING - polymarket.py:175 -                     
2026-01-16 20:58:24 - scan-poly - WARNING - polymarket.py:175 -                     
2026-01-16 20:58:24 - scan-poly - WARNING - polymarket.py:175 -                     
2026-01-16 20:58:25 - scan-poly - WARNING - polymarket.py:175 -                     
2026-01-16 20:58:26 - scan-poly - WARNING - polymarket.py:175 -                     
2026-01-16 20:58:26 - scan-poly - WARNING - polymarket.py:175 -                     
2026-01-16 20:58:27 - scan-poly - WARNING - polymarket.py:175 -                     
2026-01-16 20:58:28 - scan-poly - WARNING - polymarket.py:175 -                     
2026-01-16 20:58:28 - scan-poly - WARNING - polymarket.py:175 -                     
2026-01-16 20:58:29 - scan-poly - WARNING - polymarket.py:175 -                     
2026-01-16 20:59:19 - scan-poly - WARNING - polymarket.py:175 -                     
2026-01-16 20:59:20 - scan-poly - WARNING - polymarket.py:175 -                     
2026-01-16 20:59:20 - scan-poly - WARNING - polymarket.py:175 -                     
2026-01-16 20:59:21 - scan-poly - WARNING - polymarket.py:175 -                     
2026-01-16 20:59:23 - scan-poly - WARNING - polymarket.py:175 -                     
2026-01-16 20:59:23 - scan-poly - WARNING - polymarket.py:175 -                     
2026-01-16 20:59:24 - scan-poly - WARNING - polymarket.py:175 -                     
2026-01-16 20:59:25 - scan-poly - WARNING - polymarket.py:175 -                     
2026-01-16 20:59:25 - scan-poly - WARNING - polymarket.py:175 -                     
2026-01-16 20:59:26 - scan-poly - WARNING - polymarket.py:175 -                     
2026-01-16 20:59:27 - scan-poly - WARNING - polymarket.py:175 -                     
2026-01-16 20:59:27 - scan-poly - WARNING - polymarket.py:175 -                     
2026-01-16 20:59:28 - scan-poly - WARNING - polymarket.py:175 -                     
2026-01-16 20:59:28 - scan-poly - WARNING - polymarket.py:175 -                     
2026-01-16 20:59:29 - scan-poly - WARNING - polymarket.py:175 -                     
2026-01-16 20:59:30 - scan-poly - WARNING - polymarket.py:175 -                     
2026-01-16 21:02:20 - scan-poly - WARNING - polymarket.py:175 -                     
2026-01-16 21:02:20 - scan-poly - WARNING - polymarket.py:175 -                     
2026-01-16 21:02:21 - scan-poly - WARNING - polymarket.py:175 -                     
2026-01-16 21:02:22 - scan-poly - WARNING - polymarket.py:175 -                     
2026-01-16 21:03:20 - scan-poly - WARNING - polymarket.py:175 -                     
2026-01-16 21:03:21 - scan-poly - WARNING - polymarket.py:175 -                     
2026-01-16 21:03:21 - scan-poly - WARNING - polymarket.py:175 -                     
2026-01-16 21:03:22 - scan-poly - WARNING - polymarket.py:175 -                     
2026-01-16 21:07:03 - scan-poly - WARNING - polymarket.py:175 -                     
2026-01-16 21:07:03 - scan-poly - WARNING - polymarket.py:175 -                     
2026-01-16 21:07:04 - scan-poly - WARNING - polymarket.py:175 -                     
2026-01-16 21:07:05 - scan-poly - WARNING - polymarket.py:175 -                     
2026-01-16 21:08:03 - scan-poly - WARNING - polymarket.py:175 -                     
2026-01-16 21:08:04 - scan-poly - WARNING - polymarket.py:175 -                     
2026-01-16 21:08:05 - scan-poly - WARNING - polymarket.py:175 -                     
2026-01-16 21:08:05 - scan-poly - WARNING - polymarket.py:175 -                     
2026-01-16 21:09:03 - scan-poly - WARNING - polymarket.py:175 -                     
2026-01-16 21:09:04 - scan-poly - WARNING - polymarket.py:175 -                     
2026-01-16 21:09:04 - scan-poly - WARNING - polymarket.py:175 -                     
2026-01-16 21:09:05 - scan-poly - WARNING - polymarket.py:175 -                     
2026-01-16 21:13:02 - scan-poly - WARNING - polymarket.py:175 -                     
2026-01-16 21:13:03 - scan-poly - WARNING - polymarket.py:175 -                     
2026-01-16 21:13:03 - scan-poly - WARNING - polymarket.py:163 -                     
2026-01-16 21:13:03 - scan-poly - WARNING - polymarket.py:164 - ---------------------------------------------------
2026-01-16 21:13:03 - scan-poly - WARNING - polymarket.py:165 - =========>> 价格满足，准备下单!btc-updown-15m-1768568400   << ============
2026-01-16 21:13:03 - scan-poly - WARNING - polymarket.py:166 - ==>> 市场ID: 1189913/【btc-updown-15m-1768568400 】 UP最佳:0.96, DOWN最佳:0.05
2026-01-16 21:13:05 - scan-poly - WARNING - polymarket.py:197 - ===>提交订单:   45159056374089720943813269991972557328589454500995147098774069229697031491626, $0.9600 x 5.0 shares
2026-01-16 21:13:06 - scan-poly - WARNING - polymarket.py:175 -                     
2026-01-16 21:13:06 - scan-poly - WARNING - polymarket.py:175 -                     
2026-01-16 21:13:07 - scan-poly - WARNING - polymarket.py:175 -                     
2026-01-16 21:13:07 - scan-poly - WARNING - polymarket.py:175 -                     
2026-01-16 21:13:08 - scan-poly - WARNING - polymarket.py:175 -                     
2026-01-16 21:14:02 - scan-poly - WARNING - polymarket.py:169 -                     
2026-01-16 21:14:02 - scan-poly - WARNING - polymarket.py:170 - ---------------------------------------------------
2026-01-16 21:14:02 - scan-poly - WARNING - polymarket.py:171 - =========>> 价格满足，准备下单!xrp-updown-15m-1768568400   << ============
2026-01-16 21:14:02 - scan-poly - WARNING - polymarket.py:172 - ==>> 市场ID: 1189908/【xrp-updown-15m-1768568400 】 DOWN最佳:0.98, UP最佳:0.03
2026-01-16 21:14:04 - scan-poly - WARNING - polymarket.py:197 - ===>提交订单:   7425583326652389564404404432911822079829203262675649001788020077142594989765, $0.9800 x 5.0 shares
2026-01-16 21:14:05 - scan-poly - WARNING - polymarket.py:175 -                     
2026-01-16 21:14:05 - scan-poly - WARNING - polymarket.py:163 -                     
2026-01-16 21:14:05 - scan-poly - WARNING - polymarket.py:164 - ---------------------------------------------------
2026-01-16 21:14:05 - scan-poly - WARNING - polymarket.py:165 - =========>> 价格满足，准备下单!btc-updown-15m-1768568400   << ============
2026-01-16 21:14:05 - scan-poly - WARNING - polymarket.py:166 - ==>> 市场ID: 1189913/【btc-updown-15m-1768568400 】 UP最佳:0.98, DOWN最佳:0.03
2026-01-16 21:14:05 - scan-poly - WARNING - polymarket.py:182 - ==>> 交易记录存在：004f44de-fd36-4ed6-b878-693d77c444ed,BUY,0.96,5,跳过下单
2026-01-16 21:14:06 - scan-poly - WARNING - polymarket.py:175 -                     
2026-01-16 21:14:07 - scan-poly - WARNING - polymarket.py:175 -                     
2026-01-16 21:14:07 - scan-poly - WARNING - polymarket.py:175 -                     
2026-01-16 21:14:08 - scan-poly - WARNING - polymarket.py:175 -                     
2026-01-16 21:14:09 - scan-poly - WARNING - polymarket.py:175 -                     
2026-01-16 21:18:03 - scan-poly - WARNING - polymarket.py:175 -                     
2026-01-16 21:18:03 - scan-poly - WARNING - polymarket.py:175 -                     
2026-01-16 21:18:04 - scan-poly - WARNING - polymarket.py:175 -                     
2026-01-16 21:18:05 - scan-poly - WARNING - polymarket.py:175 -                     
2026-01-16 21:19:04 - scan-poly - WARNING - polymarket.py:175 -                     
2026-01-16 21:19:05 - scan-poly - WARNING - polymarket.py:175 -                     
2026-01-16 21:19:05 - scan-poly - WARNING - polymarket.py:175 -                     
2026-01-16 21:19:06 - scan-poly - WARNING - polymarket.py:175 -                     
2026-01-16 21:23:02 - scan-poly - WARNING - polymarket.py:175 -                     
2026-01-16 21:23:02 - scan-poly - WARNING - polymarket.py:175 -                     
2026-01-16 21:23:03 - scan-poly - WARNING - polymarket.py:175 -                     
2026-01-16 21:23:04 - scan-poly - WARNING - polymarket.py:175 -                     
2026-01-16 21:24:02 - scan-poly - WARNING - polymarket.py:175 -                     
2026-01-16 21:24:02 - scan-poly - WARNING - polymarket.py:175 -                     
2026-01-16 21:24:03 - scan-poly - WARNING - polymarket.py:175 -                     
2026-01-16 21:24:04 - scan-poly - WARNING - polymarket.py:175 -                     
2026-01-16 21:28:04 - scan-poly - WARNING - polymarket.py:175 -                     
2026-01-16 21:28:05 - scan-poly - WARNING - polymarket.py:169 -                     
2026-01-16 21:28:05 - scan-poly - WARNING - polymarket.py:170 - ---------------------------------------------------
2026-01-16 21:28:05 - scan-poly - WARNING - polymarket.py:171 - =========>> 价格满足，准备下单!sol-updown-15m-1768569300   << ============
2026-01-16 21:28:05 - scan-poly - WARNING - polymarket.py:172 - ==>> 市场ID: 1190052/【sol-updown-15m-1768569300 】 DOWN最佳:0.98, UP最佳:0.03
2026-01-16 21:28:07 - scan-poly - WARNING - polymarket.py:197 - ===>提交订单:   12914001617922238291523644309289254993248360130249160735081226623857126858433, $0.9800 x 5.0 shares
2026-01-16 21:28:08 - scan-poly - WARNING - polymarket.py:169 -                     
2026-01-16 21:28:08 - scan-poly - WARNING - polymarket.py:170 - ---------------------------------------------------
2026-01-16 21:28:08 - scan-poly - WARNING - polymarket.py:171 - =========>> 价格满足，准备下单!xrp-updown-15m-1768569300   << ============
2026-01-16 21:28:08 - scan-poly - WARNING - polymarket.py:172 - ==>> 市场ID: 1190055/【xrp-updown-15m-1768569300 】 DOWN最佳:0.93, UP最佳:0.08
2026-01-16 21:28:10 - scan-poly - WARNING - polymarket.py:197 - ===>提交订单:   25061023687942088542173209083649699962242268489806397027786069759091626148513, $0.9300 x 5.0 shares
2026-01-16 21:28:10 - scan-poly - WARNING - polymarket.py:175 -                     
2026-01-16 21:28:11 - scan-poly - WARNING - polymarket.py:175 -                     
2026-01-16 21:28:11 - scan-poly - WARNING - polymarket.py:175 -                     
2026-01-16 21:28:12 - scan-poly - WARNING - polymarket.py:175 -                     
2026-01-16 21:28:13 - scan-poly - WARNING - polymarket.py:175 -                     
2026-01-16 21:29:03 - scan-poly - WARNING - polymarket.py:175 -                     
2026-01-16 21:29:03 - scan-poly - WARNING - polymarket.py:175 -                     
2026-01-16 21:29:04 - scan-poly - WARNING - polymarket.py:169 -                     
2026-01-16 21:29:04 - scan-poly - WARNING - polymarket.py:170 - ---------------------------------------------------
2026-01-16 21:29:04 - scan-poly - WARNING - polymarket.py:171 - =========>> 价格满足，准备下单!xrp-updown-15m-1768569300   << ============
2026-01-16 21:29:04 - scan-poly - WARNING - polymarket.py:172 - ==>> 市场ID: 1190055/【xrp-updown-15m-1768569300 】 DOWN最佳:0.95, UP最佳:0.08
2026-01-16 21:29:04 - scan-poly - WARNING - polymarket.py:182 - ==>> 交易记录存在：efa0a185-5d80-4879-8565-25369c6a7b54,BUY,0.93,4.35,跳过下单
2026-01-16 21:29:05 - scan-poly - WARNING - polymarket.py:175 -                     
2026-01-16 21:29:05 - scan-poly - WARNING - polymarket.py:175 -                     
2026-01-16 21:29:06 - scan-poly - WARNING - polymarket.py:175 -                     
2026-01-16 21:29:07 - scan-poly - WARNING - polymarket.py:175 -                     
2026-01-16 21:29:07 - scan-poly - WARNING - polymarket.py:175 -                     
2026-01-16 21:33:02 - scan-poly - WARNING - polymarket.py:175 -                     
2026-01-16 21:33:03 - scan-poly - WARNING - polymarket.py:175 -                     
2026-01-16 21:33:03 - scan-poly - WARNING - polymarket.py:175 -                     
2026-01-16 21:33:04 - scan-poly - WARNING - polymarket.py:175 -                     
2026-01-16 21:34:02 - scan-poly - WARNING - polymarket.py:175 -                     
2026-01-16 21:34:03 - scan-poly - WARNING - polymarket.py:175 -                     
2026-01-16 21:34:03 - scan-poly - WARNING - polymarket.py:175 -                     
2026-01-16 21:34:04 - scan-poly - WARNING - polymarket.py:175 -                     
2026-01-16 21:38:02 - scan-poly - WARNING - polymarket.py:175 -                     
2026-01-16 21:38:03 - scan-poly - WARNING - polymarket.py:175 -                     
2026-01-16 21:38:03 - scan-poly - WARNING - polymarket.py:175 -                     
2026-01-16 21:38:04 - scan-poly - WARNING - polymarket.py:175 -                     
2026-01-16 21:39:03 - scan-poly - WARNING - polymarket.py:175 -                     
2026-01-16 21:39:03 - scan-poly - WARNING - polymarket.py:175 -                     
2026-01-16 21:39:04 - scan-poly - WARNING - polymarket.py:175 -                     
2026-01-16 21:39:05 - scan-poly - WARNING - polymarket.py:175 -                     
2026-01-16 21:43:34 - scan-poly - WARNING - polymarket.py:175 -                     
2026-01-16 21:43:35 - scan-poly - WARNING - polymarket.py:175 -                     
2026-01-16 21:43:35 - scan-poly - WARNING - polymarket.py:175 -                     
2026-01-16 21:43:36 - scan-poly - WARNING - polymarket.py:175 -                     
2026-01-16 21:43:36 - scan-poly - WARNING - polymarket.py:175 -                     
2026-01-16 21:43:37 - scan-poly - WARNING - polymarket.py:175 -                     
2026-01-16 21:43:38 - scan-poly - WARNING - polymarket.py:175 -                     
2026-01-16 21:43:39 - scan-poly - WARNING - polymarket.py:175 -                     
2026-01-16 21:48:34 - scan-poly - WARNING - polymarket.py:175 -                     
2026-01-16 21:48:34 - scan-poly - WARNING - polymarket.py:175 -                     
2026-01-16 21:48:35 - scan-poly - WARNING - polymarket.py:175 -                     
2026-01-16 21:48:36 - scan-poly - WARNING - polymarket.py:175 -                     
2026-01-16 21:53:35 - scan-poly - WARNING - polymarket.py:175 -                     
2026-01-16 21:53:35 - scan-poly - WARNING - polymarket.py:175 -                     
2026-01-16 21:53:36 - scan-poly - WARNING - polymarket.py:175 -                     
2026-01-16 21:53:37 - scan-poly - WARNING - polymarket.py:175 -                     
2026-01-16 21:58:33 - scan-poly - WARNING - polymarket.py:175 -                     
2026-01-16 21:58:34 - scan-poly - WARNING - polymarket.py:175 -                     
2026-01-16 21:58:35 - scan-poly - WARNING - polymarket.py:175 -                     
2026-01-16 21:58:35 - scan-poly - WARNING - polymarket.py:175 -                     
2026-01-16 21:58:37 - scan-poly - WARNING - polymarket.py:175 -                     
2026-01-16 21:58:38 - scan-poly - WARNING - polymarket.py:175 -                     
2026-01-16 21:58:38 - scan-poly - WARNING - polymarket.py:163 -                     
2026-01-16 21:58:38 - scan-poly - WARNING - polymarket.py:164 - ---------------------------------------------------
2026-01-16 21:58:38 - scan-poly - WARNING - polymarket.py:165 - =========>> 价格满足，准备下单!btc-updown-15m-1768571100   << ============
2026-01-16 21:58:38 - scan-poly - WARNING - polymarket.py:166 - ==>> 市场ID: 1190094/【btc-updown-15m-1768571100 】 UP最佳:0.94, DOWN最佳:0.07
2026-01-16 21:58:40 - scan-poly - WARNING - polymarket.py:197 - ===>提交订单:   101809011087624790314576620285563128560802738089708927570026886785301489932869, $0.9400 x 5.0 shares
2026-01-16 21:58:41 - scan-poly - WARNING - polymarket.py:175 -                     
2026-01-16 21:58:41 - scan-poly - WARNING - polymarket.py:175 -                     
2026-01-16 21:58:42 - scan-poly - WARNING - polymarket.py:175 -                     
2026-01-16 21:58:43 - scan-poly - WARNING - polymarket.py:175 -                     
2026-01-16 21:58:43 - scan-poly - WARNING - polymarket.py:175 -                     
2026-01-16 22:04:02 - scan-poly - WARNING - polymarket.py:175 -                     
2026-01-16 22:04:03 - scan-poly - WARNING - polymarket.py:175 -                     
2026-01-16 22:04:04 - scan-poly - WARNING - polymarket.py:175 -                     
2026-01-16 22:04:04 - scan-poly - WARNING - polymarket.py:175 -                     
2026-01-16 22:08:06 - scan-poly - WARNING - polymarket.py:175 -                     
2026-01-16 22:08:07 - scan-poly - WARNING - polymarket.py:175 -                     
2026-01-16 22:08:08 - scan-poly - WARNING - polymarket.py:175 -                     
2026-01-16 22:08:08 - scan-poly - WARNING - polymarket.py:175 -                     
2026-01-16 22:08:40 - scan-poly - WARNING - polymarket.py:175 -                     
2026-01-16 22:08:41 - scan-poly - WARNING - polymarket.py:175 -                     
2026-01-16 22:08:42 - scan-poly - WARNING - polymarket.py:175 -                     
2026-01-16 22:08:42 - scan-poly - WARNING - polymarket.py:175 -                     
2026-01-16 22:09:16 - scan-poly - WARNING - polymarket.py:175 -                     
2026-01-16 22:09:16 - scan-poly - WARNING - polymarket.py:175 -                     
2026-01-16 22:09:17 - scan-poly - WARNING - polymarket.py:175 -                     
2026-01-16 22:09:17 - scan-poly - WARNING - polymarket.py:175 -                     
2026-01-16 22:13:21 - scan-poly - WARNING - polymarket.py:169 -                     
2026-01-16 22:13:21 - scan-poly - WARNING - polymarket.py:170 - ---------------------------------------------------
2026-01-16 22:13:21 - scan-poly - WARNING - polymarket.py:171 - =========>> 价格满足，准备下单!eth-updown-15m-1768572000   << ============
2026-01-16 22:13:21 - scan-poly - WARNING - polymarket.py:172 - ==>> 市场ID: 1190117/【eth-updown-15m-1768572000 】 DOWN最佳:0.97, UP最佳:0.04
2026-01-16 22:13:23 - scan-poly - WARNING - polymarket.py:197 - ===>提交订单:   1202121041897028219550597929913735657878997507129252810579705907849709778788, $0.9700 x 5.0 shares
2026-01-16 22:13:23 - scan-poly - WARNING - polymarket.py:175 -                     
2026-01-16 22:13:24 - scan-poly - WARNING - polymarket.py:175 -                     
2026-01-16 22:13:25 - scan-poly - WARNING - polymarket.py:175 -                     
2026-01-16 22:13:25 - scan-poly - WARNING - polymarket.py:175 -                     
2026-01-16 22:13:26 - scan-poly - WARNING - polymarket.py:175 -                     
2026-01-16 22:13:27 - scan-poly - WARNING - polymarket.py:175 -                     
2026-01-16 22:13:27 - scan-poly - WARNING - polymarket.py:175 -                     
2026-01-16 22:13:56 - scan-poly - WARNING - polymarket.py:175 -                     
2026-01-16 22:13:57 - scan-poly - WARNING - polymarket.py:175 -                     
2026-01-16 22:13:58 - scan-poly - WARNING - polymarket.py:175 -                     
2026-01-16 22:13:58 - scan-poly - WARNING - polymarket.py:175 -                     
2026-01-16 22:13:59 - scan-poly - WARNING - polymarket.py:175 -                     
2026-01-16 22:14:00 - scan-poly - WARNING - polymarket.py:175 -                     
2026-01-16 22:14:00 - scan-poly - WARNING - polymarket.py:175 -                     
2026-01-16 22:14:01 - scan-poly - WARNING - polymarket.py:175 -                     
2026-01-16 22:18:01 - scan-poly - WARNING - polymarket.py:175 -                     
2026-01-16 22:18:02 - scan-poly - WARNING - polymarket.py:175 -                     
2026-01-16 22:18:03 - scan-poly - WARNING - polymarket.py:175 -                     
2026-01-16 22:18:03 - scan-poly - WARNING - polymarket.py:175 -                     
2026-01-16 22:18:36 - scan-poly - WARNING - polymarket.py:175 -                     
2026-01-16 22:18:37 - scan-poly - WARNING - polymarket.py:175 -                     
2026-01-16 22:18:38 - scan-poly - WARNING - polymarket.py:175 -                     
2026-01-16 22:18:38 - scan-poly - WARNING - polymarket.py:175 -                     
2026-01-16 22:19:11 - scan-poly - WARNING - polymarket.py:175 -                     
2026-01-16 22:19:12 - scan-poly - WARNING - polymarket.py:175 -                     
2026-01-16 22:19:13 - scan-poly - WARNING - polymarket.py:175 -                     
2026-01-16 22:19:13 - scan-poly - WARNING - polymarket.py:175 -                     
2026-01-16 22:23:16 - scan-poly - WARNING - polymarket.py:175 -                     
2026-01-16 22:23:17 - scan-poly - WARNING - polymarket.py:175 -                     
2026-01-16 22:23:17 - scan-poly - WARNING - polymarket.py:175 -                     
2026-01-16 22:23:18 - scan-poly - WARNING - polymarket.py:175 -                     
2026-01-16 22:23:51 - scan-poly - WARNING - polymarket.py:175 -                     
2026-01-16 22:23:51 - scan-poly - WARNING - polymarket.py:175 -                     
2026-01-16 22:23:52 - scan-poly - WARNING - polymarket.py:175 -                     
2026-01-16 22:23:53 - scan-poly - WARNING - polymarket.py:175 -                     
2026-01-16 22:24:26 - scan-poly - WARNING - polymarket.py:175 -                     
2026-01-16 22:24:27 - scan-poly - WARNING - polymarket.py:175 -                     
2026-01-16 22:24:28 - scan-poly - WARNING - polymarket.py:175 -                     
2026-01-16 22:24:28 - scan-poly - WARNING - polymarket.py:175 -                     
2026-01-16 22:28:33 - scan-poly - WARNING - polymarket.py:175 -                     
2026-01-16 22:28:34 - scan-poly - WARNING - polymarket.py:175 -                     
2026-01-16 22:28:34 - scan-poly - WARNING - polymarket.py:175 -                     
2026-01-16 22:28:35 - scan-poly - WARNING - polymarket.py:175 -                     
2026-01-16 22:28:36 - scan-poly - WARNING - polymarket.py:175 -                     
2026-01-16 22:28:36 - scan-poly - WARNING - polymarket.py:175 -                     
2026-01-16 22:28:37 - scan-poly - WARNING - polymarket.py:175 -                     
2026-01-16 22:28:38 - scan-poly - WARNING - polymarket.py:175 -                     
2026-01-16 22:29:07 - scan-poly - WARNING - polymarket.py:175 -                     
2026-01-16 22:29:08 - scan-poly - WARNING - polymarket.py:175 -                     
2026-01-16 22:29:09 - scan-poly - WARNING - polymarket.py:175 -                     
2026-01-16 22:29:09 - scan-poly - WARNING - polymarket.py:175 -                     
2026-01-16 22:29:10 - scan-poly - WARNING - polymarket.py:175 -                     
2026-01-16 22:29:11 - scan-poly - WARNING - polymarket.py:175 -                     
2026-01-16 22:29:11 - scan-poly - WARNING - polymarket.py:175 -                     
2026-01-16 22:29:12 - scan-poly - WARNING - polymarket.py:175 -                     
2026-01-16 22:33:11 - scan-poly - WARNING - polymarket.py:175 -                     
2026-01-16 22:33:11 - scan-poly - WARNING - polymarket.py:175 -                     
2026-01-16 22:33:12 - scan-poly - WARNING - polymarket.py:175 -                     
2026-01-16 22:33:13 - scan-poly - WARNING - polymarket.py:175 -                     
2026-01-16 22:33:46 - scan-poly - WARNING - polymarket.py:175 -                     
2026-01-16 22:33:46 - scan-poly - WARNING - polymarket.py:175 -                     
2026-01-16 22:33:47 - scan-poly - WARNING - polymarket.py:175 -                     
2026-01-16 22:33:48 - scan-poly - WARNING - polymarket.py:175 -                     
2026-01-16 22:34:21 - scan-poly - WARNING - polymarket.py:175 -                     
2026-01-16 22:34:21 - scan-poly - WARNING - polymarket.py:175 -                     
2026-01-16 22:34:22 - scan-poly - WARNING - polymarket.py:175 -                     
2026-01-16 22:34:23 - scan-poly - WARNING - polymarket.py:175 -                     
2026-01-16 22:38:13 - scan-poly - WARNING - polymarket.py:175 -                     
2026-01-16 22:38:14 - scan-poly - WARNING - polymarket.py:175 -                     
2026-01-16 22:38:14 - scan-poly - WARNING - polymarket.py:175 -                     
2026-01-16 22:38:15 - scan-poly - WARNING - polymarket.py:175 -                     
2026-01-16 22:38:48 - scan-poly - WARNING - polymarket.py:175 -                     
2026-01-16 22:38:49 - scan-poly - WARNING - polymarket.py:175 -                     
2026-01-16 22:38:50 - scan-poly - WARNING - polymarket.py:175 -                     
2026-01-16 22:38:50 - scan-poly - WARNING - polymarket.py:175 -                     
2026-01-16 22:43:26 - scan-poly - WARNING - polymarket.py:175 -                     
2026-01-16 22:43:27 - scan-poly - WARNING - polymarket.py:175 -                     
2026-01-16 22:43:28 - scan-poly - WARNING - polymarket.py:175 -                     
2026-01-16 22:43:28 - scan-poly - WARNING - polymarket.py:175 -                     
2026-01-16 22:43:29 - scan-poly - WARNING - polymarket.py:175 -                     
2026-01-16 22:43:30 - scan-poly - WARNING - polymarket.py:175 -                     
2026-01-16 22:43:30 - scan-poly - WARNING - polymarket.py:175 -                     
2026-01-16 22:44:01 - scan-poly - WARNING - polymarket.py:175 -                     
2026-01-16 22:44:02 - scan-poly - WARNING - polymarket.py:175 -                     
2026-01-16 22:44:02 - scan-poly - WARNING - polymarket.py:175 -                     
2026-01-16 22:44:03 - scan-poly - WARNING - polymarket.py:175 -                     
2026-01-16 22:44:03 - scan-poly - WARNING - polymarket.py:175 -                     
2026-01-16 22:44:04 - scan-poly - WARNING - polymarket.py:175 -                     
2026-01-16 22:44:05 - scan-poly - WARNING - polymarket.py:175 -                     
2026-01-16 22:48:23 - scan-poly - WARNING - polymarket.py:175 -                     
2026-01-16 22:48:24 - scan-poly - WARNING - polymarket.py:175 -                     
2026-01-16 22:48:24 - scan-poly - WARNING - polymarket.py:175 -                     
2026-01-16 22:48:25 - scan-poly - WARNING - polymarket.py:175 -                     
2026-01-16 22:48:58 - scan-poly - WARNING - polymarket.py:175 -                     
2026-01-16 22:48:58 - scan-poly - WARNING - polymarket.py:175 -                     
2026-01-16 22:48:59 - scan-poly - WARNING - polymarket.py:175 -                     
2026-01-16 22:49:00 - scan-poly - WARNING - polymarket.py:175 -                     
2026-01-16 22:53:03 - scan-poly - WARNING - polymarket.py:175 -                     
2026-01-16 22:53:04 - scan-poly - WARNING - polymarket.py:175 -                     
2026-01-16 22:53:04 - scan-poly - WARNING - polymarket.py:175 -                     
2026-01-16 22:53:05 - scan-poly - WARNING - polymarket.py:175 -                     
2026-01-16 22:53:38 - scan-poly - WARNING - polymarket.py:175 -                     
2026-01-16 22:53:39 - scan-poly - WARNING - polymarket.py:175 -                     
2026-01-16 22:53:40 - scan-poly - WARNING - polymarket.py:175 -                     
2026-01-16 22:53:40 - scan-poly - WARNING - polymarket.py:175 -                     
2026-01-16 22:54:13 - scan-poly - WARNING - polymarket.py:175 -                     
2026-01-16 22:54:14 - scan-poly - WARNING - polymarket.py:175 -                     
2026-01-16 22:54:14 - scan-poly - WARNING - polymarket.py:175 -                     
2026-01-16 22:54:15 - scan-poly - WARNING - polymarket.py:175 -                     
2026-01-16 22:58:18 - scan-poly - WARNING - polymarket.py:175 -                     
2026-01-16 22:58:18 - scan-poly - WARNING - polymarket.py:175 -                     
2026-01-16 22:58:19 - scan-poly - WARNING - polymarket.py:175 -                     
2026-01-16 22:58:20 - scan-poly - WARNING - polymarket.py:175 -                     
2026-01-16 22:58:21 - scan-poly - WARNING - polymarket.py:175 -                     
2026-01-16 22:58:21 - scan-poly - WARNING - polymarket.py:175 -                     
2026-01-16 22:58:22 - scan-poly - WARNING - polymarket.py:175 -                     
2026-01-16 22:58:23 - scan-poly - WARNING - polymarket.py:175 -                     
2026-01-16 22:58:23 - scan-poly - WARNING - polymarket.py:175 -                     
2026-01-16 22:58:24 - scan-poly - WARNING - polymarket.py:175 -                     
2026-01-16 22:58:25 - scan-poly - WARNING - polymarket.py:175 -                     
2026-01-16 22:58:27 - scan-poly - WARNING - polymarket.py:175 -                     
2026-01-16 22:58:52 - scan-poly - WARNING - polymarket.py:175 -                     
2026-01-16 22:58:53 - scan-poly - WARNING - polymarket.py:175 -                     
2026-01-16 22:58:53 - scan-poly - WARNING - polymarket.py:175 -                     
2026-01-16 22:58:54 - scan-poly - WARNING - polymarket.py:175 -                     
2026-01-16 22:58:56 - scan-poly - WARNING - polymarket.py:175 -                     
2026-01-16 22:58:56 - scan-poly - WARNING - polymarket.py:175 -                     
2026-01-16 22:58:57 - scan-poly - WARNING - polymarket.py:175 -                     
2026-01-16 22:58:58 - scan-poly - WARNING - polymarket.py:175 -                     
2026-01-16 22:58:58 - scan-poly - WARNING - polymarket.py:175 -                     
2026-01-16 22:58:59 - scan-poly - WARNING - polymarket.py:175 -                     
2026-01-16 22:59:00 - scan-poly - WARNING - polymarket.py:175 -                     
2026-01-16 22:59:00 - scan-poly - WARNING - polymarket.py:175 -                     
2026-01-16 22:59:27 - scan-poly - WARNING - polymarket.py:175 -                     
2026-01-16 22:59:28 - scan-poly - WARNING - polymarket.py:175 -                     
2026-01-16 22:59:28 - scan-poly - WARNING - polymarket.py:175 -                     
2026-01-16 22:59:29 - scan-poly - WARNING - polymarket.py:175 -                     
2026-01-16 23:03:33 - scan-poly - WARNING - polymarket.py:175 -                     
2026-01-16 23:03:34 - scan-poly - WARNING - polymarket.py:175 -                     
2026-01-16 23:03:35 - scan-poly - WARNING - polymarket.py:175 -                     
2026-01-16 23:03:35 - scan-poly - WARNING - polymarket.py:175 -                     
2026-01-16 23:04:09 - scan-poly - WARNING - polymarket.py:175 -                     
2026-01-16 23:04:10 - scan-poly - WARNING - polymarket.py:175 -                     
2026-01-16 23:04:10 - scan-poly - WARNING - polymarket.py:175 -                     
2026-01-16 23:04:11 - scan-poly - WARNING - polymarket.py:175 -                     
2026-01-16 23:08:12 - scan-poly - WARNING - polymarket.py:175 -                     
2026-01-16 23:08:13 - scan-poly - WARNING - polymarket.py:175 -                     
2026-01-16 23:08:14 - scan-poly - WARNING - polymarket.py:175 -                     
2026-01-16 23:08:14 - scan-poly - WARNING - polymarket.py:175 -                     
2026-01-16 23:08:48 - scan-poly - WARNING - polymarket.py:175 -                     
2026-01-16 23:08:48 - scan-poly - WARNING - polymarket.py:175 -                     
2026-01-16 23:08:49 - scan-poly - WARNING - polymarket.py:175 -                     
2026-01-16 23:08:49 - scan-poly - WARNING - polymarket.py:175 -                     
2026-01-16 23:09:22 - scan-poly - WARNING - polymarket.py:175 -                     
2026-01-16 23:09:23 - scan-poly - WARNING - polymarket.py:175 -                     
2026-01-16 23:09:24 - scan-poly - WARNING - polymarket.py:175 -                     
2026-01-16 23:09:24 - scan-poly - WARNING - polymarket.py:175 -                     
2026-01-16 23:13:28 - scan-poly - WARNING - polymarket.py:175 -                     
2026-01-16 23:13:29 - scan-poly - WARNING - polymarket.py:175 -                     
2026-01-16 23:13:29 - scan-poly - WARNING - polymarket.py:175 -                     
2026-01-16 23:13:30 - scan-poly - WARNING - polymarket.py:175 -                     
2026-01-16 23:13:31 - scan-poly - WARNING - polymarket.py:175 -                     
2026-01-16 23:13:31 - scan-poly - WARNING - polymarket.py:175 -                     
2026-01-16 23:13:32 - scan-poly - WARNING - polymarket.py:175 -                     
2026-01-16 23:13:32 - scan-poly - WARNING - polymarket.py:175 -                     
2026-01-16 23:14:03 - scan-poly - WARNING - polymarket.py:175 -                     
2026-01-16 23:14:03 - scan-poly - WARNING - polymarket.py:175 -                     
2026-01-16 23:14:04 - scan-poly - WARNING - polymarket.py:175 -                     
2026-01-16 23:14:05 - scan-poly - WARNING - polymarket.py:175 -                     
2026-01-16 23:14:05 - scan-poly - WARNING - polymarket.py:175 -                     
2026-01-16 23:14:06 - scan-poly - WARNING - polymarket.py:175 -                     
2026-01-16 23:14:07 - scan-poly - WARNING - polymarket.py:175 -                     
2026-01-16 23:14:07 - scan-poly - WARNING - polymarket.py:175 -                     
2026-01-16 23:18:28 - scan-poly - WARNING - polymarket.py:175 -                     
2026-01-16 23:18:28 - scan-poly - WARNING - polymarket.py:175 -                     
2026-01-16 23:18:29 - scan-poly - WARNING - polymarket.py:175 -                     
2026-01-16 23:18:30 - scan-poly - WARNING - polymarket.py:175 -                     
2026-01-16 23:19:02 - scan-poly - WARNING - polymarket.py:175 -                     
2026-01-16 23:19:02 - scan-poly - WARNING - polymarket.py:175 -                     
2026-01-16 23:19:03 - scan-poly - WARNING - polymarket.py:175 -                     
2026-01-16 23:19:04 - scan-poly - WARNING - polymarket.py:175 -                     
2026-01-16 23:23:07 - scan-poly - WARNING - polymarket.py:175 -                     
2026-01-16 23:23:08 - scan-poly - WARNING - polymarket.py:175 -                     
2026-01-16 23:23:08 - scan-poly - WARNING - polymarket.py:175 -                     
2026-01-16 23:23:09 - scan-poly - WARNING - polymarket.py:175 -                     
2026-01-16 23:23:42 - scan-poly - WARNING - polymarket.py:175 -                     
2026-01-16 23:23:43 - scan-poly - WARNING - polymarket.py:175 -                     
2026-01-16 23:23:44 - scan-poly - WARNING - polymarket.py:175 -                     
2026-01-16 23:23:45 - scan-poly - WARNING - polymarket.py:175 -                     
2026-01-16 23:24:17 - scan-poly - WARNING - polymarket.py:175 -                     
2026-01-16 23:24:17 - scan-poly - WARNING - polymarket.py:175 -                     
2026-01-16 23:24:18 - scan-poly - WARNING - polymarket.py:175 -                     
2026-01-16 23:24:18 - scan-poly - WARNING - polymarket.py:175 -                     
2026-01-16 23:28:14 - scan-poly - WARNING - polymarket.py:175 -                     
2026-01-16 23:28:14 - scan-poly - WARNING - polymarket.py:175 -                     
2026-01-16 23:28:15 - scan-poly - WARNING - polymarket.py:175 -                     
2026-01-16 23:28:15 - scan-poly - WARNING - polymarket.py:175 -                     
2026-01-16 23:28:16 - scan-poly - WARNING - polymarket.py:175 -                     
2026-01-16 23:28:17 - scan-poly - WARNING - polymarket.py:175 -                     
2026-01-16 23:28:17 - scan-poly - WARNING - polymarket.py:175 -                     
2026-01-16 23:28:18 - scan-poly - WARNING - polymarket.py:175 -                     
2026-01-16 23:28:48 - scan-poly - WARNING - polymarket.py:175 -                     
2026-01-16 23:28:49 - scan-poly - WARNING - polymarket.py:175 -                     
2026-01-16 23:28:50 - scan-poly - WARNING - polymarket.py:175 -                     
2026-01-16 23:28:50 - scan-poly - WARNING - polymarket.py:175 -                     
2026-01-16 23:28:51 - scan-poly - WARNING - polymarket.py:175 -                     
2026-01-16 23:28:52 - scan-poly - WARNING - polymarket.py:175 -                     
2026-01-16 23:28:52 - scan-poly - WARNING - polymarket.py:175 -                     
2026-01-16 23:28:53 - scan-poly - WARNING - polymarket.py:175 -                     
2026-01-16 23:29:23 - scan-poly - WARNING - polymarket.py:175 -                     
2026-01-16 23:29:24 - scan-poly - WARNING - polymarket.py:175 -                     
2026-01-16 23:29:25 - scan-poly - WARNING - polymarket.py:175 -                     
2026-01-16 23:29:25 - scan-poly - WARNING - polymarket.py:175 -                     
2026-01-16 23:29:26 - scan-poly - WARNING - polymarket.py:175 -                     
2026-01-16 23:29:27 - scan-poly - WARNING - polymarket.py:175 -                     
2026-01-16 23:29:27 - scan-poly - WARNING - polymarket.py:175 -                     
2026-01-16 23:29:28 - scan-poly - WARNING - polymarket.py:175 -                     
2026-01-16 23:32:06 - scan-poly - WARNING - polymarket.py:175 -                     
2026-01-16 23:32:07 - scan-poly - WARNING - polymarket.py:175 -                     
2026-01-16 23:32:07 - scan-poly - WARNING - polymarket.py:175 -                     
2026-01-16 23:32:08 - scan-poly - WARNING - polymarket.py:175 -                     
2026-01-16 23:32:42 - scan-poly - WARNING - polymarket.py:175 -                     
2026-01-16 23:32:42 - scan-poly - WARNING - polymarket.py:175 -                     
2026-01-16 23:32:43 - scan-poly - WARNING - polymarket.py:175 -                     
2026-01-16 23:32:44 - scan-poly - WARNING - polymarket.py:175 -                     
2026-01-16 23:33:16 - scan-poly - WARNING - polymarket.py:175 -                     
2026-01-16 23:33:17 - scan-poly - WARNING - polymarket.py:175 -                     
2026-01-16 23:33:18 - scan-poly - WARNING - polymarket.py:175 -                     
2026-01-16 23:33:18 - scan-poly - WARNING - polymarket.py:175 -                     
2026-01-16 23:33:51 - scan-poly - WARNING - polymarket.py:175 -                     
2026-01-16 23:33:52 - scan-poly - WARNING - polymarket.py:175 -                     
2026-01-16 23:33:53 - scan-poly - WARNING - polymarket.py:175 -                     
2026-01-16 23:33:53 - scan-poly - WARNING - polymarket.py:175 -                     
2026-01-16 23:34:26 - scan-poly - WARNING - polymarket.py:175 -                     
2026-01-16 23:34:27 - scan-poly - WARNING - polymarket.py:175 -                     
2026-01-16 23:34:27 - scan-poly - WARNING - polymarket.py:175 -                     
2026-01-16 23:34:28 - scan-poly - WARNING - polymarket.py:175 -                     
2026-01-16 23:37:21 - scan-poly - WARNING - polymarket.py:175 -                     
2026-01-16 23:37:22 - scan-poly - WARNING - polymarket.py:175 -                     
2026-01-16 23:37:23 - scan-poly - WARNING - polymarket.py:175 -                     
2026-01-16 23:37:23 - scan-poly - WARNING - polymarket.py:175 -                     
2026-01-16 23:37:56 - scan-poly - WARNING - polymarket.py:175 -                     
2026-01-16 23:37:57 - scan-poly - WARNING - polymarket.py:175 -                     
2026-01-16 23:37:57 - scan-poly - WARNING - polymarket.py:175 -                     
2026-01-16 23:37:58 - scan-poly - WARNING - polymarket.py:175 -                     
2026-01-16 23:38:31 - scan-poly - WARNING - polymarket.py:175 -                     
2026-01-16 23:38:32 - scan-poly - WARNING - polymarket.py:175 -                     
2026-01-16 23:38:33 - scan-poly - WARNING - polymarket.py:175 -                     
2026-01-16 23:38:33 - scan-poly - WARNING - polymarket.py:175 -                     
2026-01-16 23:39:06 - scan-poly - WARNING - polymarket.py:175 -                     
2026-01-16 23:39:07 - scan-poly - WARNING - polymarket.py:175 -                     
2026-01-16 23:39:07 - scan-poly - WARNING - polymarket.py:175 -                     
2026-01-16 23:39:08 - scan-poly - WARNING - polymarket.py:175 -                     
2026-01-16 23:42:01 - scan-poly - WARNING - polymarket.py:169 -                     
2026-01-16 23:42:01 - scan-poly - WARNING - polymarket.py:170 - ---------------------------------------------------
2026-01-16 23:42:01 - scan-poly - WARNING - polymarket.py:171 - =========>> 价格满足，准备下单!btc-updown-15m-1768577400   << ============
2026-01-16 23:42:01 - scan-poly - WARNING - polymarket.py:172 - ==>> 市场ID: 1190796/【btc-updown-15m-1768577400 】 DOWN最佳:0.96, UP最佳:0.05
2026-01-16 23:42:02 - scan-poly - WARNING - polymarket.py:197 - ===>提交订单:   37517368847448542799762432159938001186082290513417683938863938065327410371043, $0.9600 x 5.0 shares
2026-01-16 23:42:03 - scan-poly - WARNING - polymarket.py:175 -                     
2026-01-16 23:42:03 - scan-poly - WARNING - polymarket.py:175 -                     
2026-01-16 23:42:04 - scan-poly - WARNING - polymarket.py:169 -                     
2026-01-16 23:42:04 - scan-poly - WARNING - polymarket.py:170 - ---------------------------------------------------
2026-01-16 23:42:04 - scan-poly - WARNING - polymarket.py:171 - =========>> 价格满足，准备下单!xrp-updown-15m-1768577400   << ============
2026-01-16 23:42:04 - scan-poly - WARNING - polymarket.py:172 - ==>> 市场ID: 1190804/【xrp-updown-15m-1768577400 】 DOWN最佳:0.98, UP最佳:0.03
2026-01-16 23:42:06 - scan-poly - WARNING - polymarket.py:197 - ===>提交订单:   30448643689842711046039781715908675751735574395011095156626182420511870168333, $0.9800 x 5.0 shares
2026-01-16 23:42:07 - scan-poly - WARNING - polymarket.py:175 -                     
2026-01-16 23:42:07 - scan-poly - WARNING - polymarket.py:175 -                     
2026-01-16 23:42:08 - scan-poly - WARNING - polymarket.py:175 -                     
2026-01-16 23:42:09 - scan-poly - WARNING - polymarket.py:175 -                     
2026-01-16 23:42:37 - scan-poly - WARNING - polymarket.py:169 -                     
2026-01-16 23:42:37 - scan-poly - WARNING - polymarket.py:170 - ---------------------------------------------------
2026-01-16 23:42:37 - scan-poly - WARNING - polymarket.py:171 - =========>> 价格满足，准备下单!btc-updown-15m-1768577400   << ============
2026-01-16 23:42:37 - scan-poly - WARNING - polymarket.py:172 - ==>> 市场ID: 1190796/【btc-updown-15m-1768577400 】 DOWN最佳:0.97, UP最佳:0.04
2026-01-16 23:42:37 - scan-poly - WARNING - polymarket.py:182 - ==>> 交易记录存在：68e74f35-7907-43fc-a98b-b9733c63facb,BUY,0.04,100,跳过下单
2026-01-16 23:42:37 - scan-poly - WARNING - polymarket.py:175 -                     
2026-01-16 23:42:38 - scan-poly - WARNING - polymarket.py:175 -                     
2026-01-16 23:42:39 - scan-poly - WARNING - polymarket.py:169 -                     
2026-01-16 23:42:39 - scan-poly - WARNING - polymarket.py:170 - ---------------------------------------------------
2026-01-16 23:42:39 - scan-poly - WARNING - polymarket.py:171 - =========>> 价格满足，准备下单!xrp-updown-15m-1768577400   << ============
2026-01-16 23:42:39 - scan-poly - WARNING - polymarket.py:172 - ==>> 市场ID: 1190804/【xrp-updown-15m-1768577400 】 DOWN最佳:0.98, UP最佳:0.03
2026-01-16 23:42:39 - scan-poly - WARNING - polymarket.py:182 - ==>> 交易记录存在：94873780-acad-475c-a957-006fcd34da5d,BUY,0.98,5,跳过下单
2026-01-16 23:42:40 - scan-poly - WARNING - polymarket.py:175 -                     
2026-01-16 23:42:40 - scan-poly - WARNING - polymarket.py:175 -                     
2026-01-16 23:42:41 - scan-poly - WARNING - polymarket.py:175 -                     
2026-01-16 23:42:41 - scan-poly - WARNING - polymarket.py:175 -                     
2026-01-16 23:43:11 - scan-poly - WARNING - polymarket.py:175 -                     
2026-01-16 23:43:12 - scan-poly - WARNING - polymarket.py:175 -                     
2026-01-16 23:43:13 - scan-poly - WARNING - polymarket.py:175 -                     
2026-01-16 23:43:13 - scan-poly - WARNING - polymarket.py:175 -                     
2026-01-16 23:43:14 - scan-poly - WARNING - polymarket.py:175 -                     
2026-01-16 23:43:15 - scan-poly - WARNING - polymarket.py:175 -                     
2026-01-16 23:43:15 - scan-poly - WARNING - polymarket.py:175 -                     
2026-01-16 23:43:16 - scan-poly - WARNING - polymarket.py:175 -                     
2026-01-16 23:43:47 - scan-poly - WARNING - polymarket.py:175 -                     
2026-01-16 23:43:47 - scan-poly - WARNING - polymarket.py:175 -                     
2026-01-16 23:43:48 - scan-poly - WARNING - polymarket.py:175 -                     
2026-01-16 23:43:49 - scan-poly - WARNING - polymarket.py:175 -                     
2026-01-16 23:43:49 - scan-poly - WARNING - polymarket.py:175 -                     
2026-01-16 23:43:50 - scan-poly - WARNING - polymarket.py:175 -                     
2026-01-16 23:43:51 - scan-poly - WARNING - polymarket.py:175 -                     
2026-01-16 23:43:51 - scan-poly - WARNING - polymarket.py:175 -                     
2026-01-16 23:44:21 - scan-poly - WARNING - polymarket.py:175 -                     
2026-01-16 23:44:22 - scan-poly - WARNING - polymarket.py:175 -                     
2026-01-16 23:44:23 - scan-poly - WARNING - polymarket.py:175 -                     
2026-01-16 23:44:23 - scan-poly - WARNING - polymarket.py:175 -                     
2026-01-16 23:44:24 - scan-poly - WARNING - polymarket.py:175 -                     
2026-01-16 23:44:25 - scan-poly - WARNING - polymarket.py:175 -                     
2026-01-16 23:44:25 - scan-poly - WARNING - polymarket.py:175 -                     
2026-01-16 23:44:26 - scan-poly - WARNING - polymarket.py:175 -                     
2026-01-16 23:47:17 - scan-poly - WARNING - polymarket.py:175 -                     
2026-01-16 23:47:17 - scan-poly - WARNING - polymarket.py:175 -                     
2026-01-16 23:47:18 - scan-poly - WARNING - polymarket.py:175 -                     
2026-01-16 23:47:19 - scan-poly - WARNING - polymarket.py:175 -                     
2026-01-16 23:47:51 - scan-poly - WARNING - polymarket.py:175 -                     
2026-01-16 23:47:52 - scan-poly - WARNING - polymarket.py:175 -                     
2026-01-16 23:47:53 - scan-poly - WARNING - polymarket.py:175 -                     
2026-01-16 23:47:53 - scan-poly - WARNING - polymarket.py:175 -                     
2026-01-16 23:48:26 - scan-poly - WARNING - polymarket.py:175 -                     
2026-01-16 23:48:27 - scan-poly - WARNING - polymarket.py:175 -                     
2026-01-16 23:48:28 - scan-poly - WARNING - polymarket.py:175 -                     
2026-01-16 23:48:28 - scan-poly - WARNING - polymarket.py:175 -                     
2026-01-16 23:49:01 - scan-poly - WARNING - polymarket.py:175 -                     
2026-01-16 23:49:02 - scan-poly - WARNING - polymarket.py:175 -                     
2026-01-16 23:49:03 - scan-poly - WARNING - polymarket.py:175 -                     
2026-01-16 23:49:03 - scan-poly - WARNING - polymarket.py:175 -                     
2026-01-16 23:52:15 - scan-poly - WARNING - polymarket.py:175 -                     
2026-01-16 23:52:15 - scan-poly - WARNING - polymarket.py:175 -                     
2026-01-16 23:52:16 - scan-poly - WARNING - polymarket.py:175 -                     
2026-01-16 23:52:17 - scan-poly - WARNING - polymarket.py:175 -                     
2026-01-16 23:52:50 - scan-poly - WARNING - polymarket.py:175 -                     
2026-01-16 23:52:51 - scan-poly - WARNING - polymarket.py:175 -                     
2026-01-16 23:52:51 - scan-poly - WARNING - polymarket.py:175 -                     
2026-01-16 23:52:52 - scan-poly - WARNING - polymarket.py:175 -                     
2026-01-16 23:53:25 - scan-poly - WARNING - polymarket.py:175 -                     
2026-01-16 23:53:26 - scan-poly - WARNING - polymarket.py:175 -                     
2026-01-16 23:53:26 - scan-poly - WARNING - polymarket.py:175 -                     
2026-01-16 23:53:27 - scan-poly - WARNING - polymarket.py:175 -                     
2026-01-16 23:54:00 - scan-poly - WARNING - polymarket.py:175 -                     
2026-01-16 23:54:01 - scan-poly - WARNING - polymarket.py:175 -                     
2026-01-16 23:54:01 - scan-poly - WARNING - polymarket.py:175 -                     
2026-01-16 23:54:02 - scan-poly - WARNING - polymarket.py:175 -                     
2026-01-16 23:57:30 - scan-poly - WARNING - polymarket.py:175 -                     
2026-01-16 23:57:30 - scan-poly - WARNING - polymarket.py:175 -                     
2026-01-16 23:57:31 - scan-poly - WARNING - polymarket.py:175 -                     
2026-01-16 23:57:32 - scan-poly - WARNING - polymarket.py:175 -                     
2026-01-16 23:57:32 - scan-poly - WARNING - polymarket.py:175 -                     
2026-01-16 23:57:33 - scan-poly - WARNING - polymarket.py:175 -                     
2026-01-16 23:57:33 - scan-poly - WARNING - polymarket.py:175 -                     
2026-01-16 23:57:34 - scan-poly - WARNING - polymarket.py:175 -                     
2026-01-16 23:57:35 - scan-poly - WARNING - polymarket.py:175 -                     
2026-01-16 23:57:35 - scan-poly - WARNING - polymarket.py:175 -                     
2026-01-16 23:57:36 - scan-poly - WARNING - polymarket.py:175 -                     
2026-01-16 23:57:37 - scan-poly - WARNING - polymarket.py:175 -                     
2026-01-16 23:58:05 - scan-poly - WARNING - polymarket.py:175 -                     
2026-01-16 23:58:05 - scan-poly - WARNING - polymarket.py:175 -                     
2026-01-16 23:58:06 - scan-poly - WARNING - polymarket.py:175 -                     
2026-01-16 23:58:07 - scan-poly - WARNING - polymarket.py:175 -                     
2026-01-16 23:58:07 - scan-poly - WARNING - polymarket.py:175 -                     
2026-01-16 23:58:08 - scan-poly - WARNING - polymarket.py:175 -                     
2026-01-16 23:58:09 - scan-poly - WARNING - polymarket.py:163 -                     
2026-01-16 23:58:09 - scan-poly - WARNING - polymarket.py:164 - ---------------------------------------------------
2026-01-16 23:58:09 - scan-poly - WARNING - polymarket.py:165 - =========>> 价格满足，准备下单!btc-updown-15m-1768578300   << ============
2026-01-16 23:58:09 - scan-poly - WARNING - polymarket.py:166 - ==>> 市场ID: 1191010/【btc-updown-15m-1768578300 】 UP最佳:0.97, DOWN最佳:0.04
2026-01-16 23:58:11 - scan-poly - WARNING - polymarket.py:197 - ===>提交订单:   84833511125473042710564427959428779370014731975809054419160566685741793971895, $0.9700 x 5.0 shares
2026-01-16 23:58:11 - scan-poly - WARNING - polymarket.py:175 -                     
2026-01-16 23:58:12 - scan-poly - WARNING - polymarket.py:175 -                     
2026-01-16 23:58:12 - scan-poly - WARNING - polymarket.py:175 -                     
2026-01-16 23:58:13 - scan-poly - WARNING - polymarket.py:175 -                     
2026-01-16 23:58:14 - scan-poly - WARNING - polymarket.py:175 -                     
2026-01-16 23:58:40 - scan-poly - WARNING - polymarket.py:175 -                     
2026-01-16 23:58:41 - scan-poly - WARNING - polymarket.py:175 -                     
2026-01-16 23:58:41 - scan-poly - WARNING - polymarket.py:175 -                     
2026-01-16 23:58:42 - scan-poly - WARNING - polymarket.py:175 -                     
2026-01-16 23:58:43 - scan-poly - WARNING - polymarket.py:175 -                     
2026-01-16 23:58:43 - scan-poly - WARNING - polymarket.py:175 -                     
2026-01-16 23:58:44 - scan-poly - WARNING - polymarket.py:163 -                     
2026-01-16 23:58:44 - scan-poly - WARNING - polymarket.py:164 - ---------------------------------------------------
2026-01-16 23:58:44 - scan-poly - WARNING - polymarket.py:165 - =========>> 价格满足，准备下单!btc-updown-15m-1768578300   << ============
2026-01-16 23:58:44 - scan-poly - WARNING - polymarket.py:166 - ==>> 市场ID: 1191010/【btc-updown-15m-1768578300 】 UP最佳:0.97, DOWN最佳:0.04
2026-01-16 23:58:44 - scan-poly - WARNING - polymarket.py:182 - ==>> 交易记录存在：dceb5a6b-4dab-40eb-b3c1-105a55f9e23e,BUY,0.97,5,跳过下单
2026-01-16 23:58:45 - scan-poly - WARNING - polymarket.py:175 -                     
2026-01-16 23:58:46 - scan-poly - WARNING - polymarket.py:175 -                     
2026-01-16 23:58:46 - scan-poly - WARNING - polymarket.py:175 -                     
2026-01-16 23:58:47 - scan-poly - WARNING - polymarket.py:175 -                     
2026-01-16 23:58:48 - scan-poly - WARNING - polymarket.py:175 -                     
2026-01-16 23:59:15 - scan-poly - WARNING - polymarket.py:175 -                     
2026-01-16 23:59:16 - scan-poly - WARNING - polymarket.py:175 -                     
2026-01-16 23:59:16 - scan-poly - WARNING - polymarket.py:175 -                     
2026-01-16 23:59:17 - scan-poly - WARNING - polymarket.py:175 -                     
2026-01-16 23:59:18 - scan-poly - WARNING - polymarket.py:175 -                     
2026-01-16 23:59:18 - scan-poly - WARNING - polymarket.py:169 -                     
2026-01-16 23:59:18 - scan-poly - WARNING - polymarket.py:170 - ---------------------------------------------------
2026-01-16 23:59:18 - scan-poly - WARNING - polymarket.py:171 - =========>> 价格满足，准备下单!xrp-updown-15m-1768578300   << ============
2026-01-16 23:59:18 - scan-poly - WARNING - polymarket.py:172 - ==>> 市场ID: 1191009/【xrp-updown-15m-1768578300 】 DOWN最佳:0.98, UP最佳:0.03
2026-01-16 23:59:20 - scan-poly - WARNING - polymarket.py:197 - ===>提交订单:   70761900818057494521875249354034701101263198768824387477920023291341606992128, $0.9800 x 5.0 shares
2026-01-16 23:59:21 - scan-poly - WARNING - polymarket.py:175 -                     
2026-01-16 23:59:21 - scan-poly - WARNING - polymarket.py:169 -                     
2026-01-16 23:59:21 - scan-poly - WARNING - polymarket.py:170 - ---------------------------------------------------
2026-01-16 23:59:21 - scan-poly - WARNING - polymarket.py:171 - =========>> 价格满足，准备下单!eth-updown-15m-1768578300   << ============
2026-01-16 23:59:21 - scan-poly - WARNING - polymarket.py:172 - ==>> 市场ID: 1191011/【eth-updown-15m-1768578300 】 DOWN最佳:0.98, UP最佳:0.04
2026-01-16 23:59:23 - scan-poly - WARNING - polymarket.py:197 - ===>提交订单:   57138665393521919232766283920973128078129590815333624699341217628721582193745, $0.9800 x 5.0 shares
2026-01-16 23:59:24 - scan-poly - WARNING - polymarket.py:175 -                     
2026-01-16 23:59:25 - scan-poly - WARNING - polymarket.py:175 -                     
2026-01-16 23:59:25 - scan-poly - WARNING - polymarket.py:175 -                     
2026-01-16 23:59:26 - scan-poly - WARNING - polymarket.py:175 -                     
2026-01-17 00:02:35 - scan-poly - WARNING - polymarket.py:175 -                     
2026-01-17 00:02:35 - scan-poly - WARNING - polymarket.py:175 -                     
2026-01-17 00:02:36 - scan-poly - WARNING - polymarket.py:175 -                     
2026-01-17 00:02:37 - scan-poly - WARNING - polymarket.py:175 -                     
2026-01-17 00:03:10 - scan-poly - WARNING - polymarket.py:175 -                     
2026-01-17 00:03:10 - scan-poly - WARNING - polymarket.py:175 -                     
2026-01-17 00:03:11 - scan-poly - WARNING - polymarket.py:175 -                     
2026-01-17 00:03:12 - scan-poly - WARNING - polymarket.py:175 -                     
